[    0.000000] Linux version 4.15.0-142-generic (buildd@lgw01-amd64-036) (gcc version 7.5.0 (Ubuntu 7.5.0-3ubuntu1~18.04)) #146-Ubuntu SMP Tue Apr 13 01:11:19 UTC 2021 (Ubuntu 4.15.0-142.146-generic 4.15.18)
[    0.000000] Command line: BOOT_IMAGE=/boot/vmlinuz-4.15.0-142-generic root=LABEL=cloudimg-rootfs ro console=tty1 console=ttyS0
[    0.000000] KERNEL supported cpus:
[    0.000000]   Intel GenuineIntel
[    0.000000]   AMD AuthenticAMD
[    0.000000]   Centaur CentaurHauls
[    0.000000] x86/fpu: Supporting XSAVE feature 0x001: 'x87 floating point registers'
[    0.000000] x86/fpu: Supporting XSAVE feature 0x002: 'SSE registers'
[    0.000000] x86/fpu: Supporting XSAVE feature 0x004: 'AVX registers'
[    0.000000] x86/fpu: xstate_offset[2]:  576, xstate_sizes[2]:  256
[    0.000000] x86/fpu: Enabled xstate features 0x7, context size is 832 bytes, using 'standard' format.
[    0.000000] e820: BIOS-provided physical RAM map:
[    0.000000] BIOS-e820: [mem 0x0000000000000000-0x000000000009fbff] usable
[    0.000000] BIOS-e820: [mem 0x000000000009fc00-0x000000000009ffff] reserved
[    0.000000] BIOS-e820: [mem 0x00000000000f0000-0x00000000000fffff] reserved
[    0.000000] BIOS-e820: [mem 0x0000000000100000-0x000000007ffeffff] usable
[    0.000000] BIOS-e820: [mem 0x000000007fff0000-0x000000007fffffff] ACPI data
[    0.000000] BIOS-e820: [mem 0x00000000fec00000-0x00000000fec00fff] reserved
[    0.000000] BIOS-e820: [mem 0x00000000fee00000-0x00000000fee00fff] reserved
[    0.000000] BIOS-e820: [mem 0x00000000fffc0000-0x00000000ffffffff] reserved
[    0.000000] NX (Execute Disable) protection: active
[    0.000000] SMBIOS 2.5 present.
[    0.000000] DMI: innotek GmbH VirtualBox/VirtualBox, BIOS VirtualBox 12/01/2006
[    0.000000] Hypervisor detected: KVM
[    0.000000] e820: last_pfn = 0x7fff0 max_arch_pfn = 0x400000000
[    0.000000] MTRR: Disabled
[    0.000000] x86/PAT: MTRRs disabled, skipping PAT initialization too.
[    0.000000] CPU MTRRs all blank - virtualized system.
[    0.000000] x86/PAT: Configuration [0-7]: WB  WT  UC- UC  WB  WT  UC- UC  
[    0.000000] found SMP MP-table at [mem 0x0009fff0-0x0009ffff]
[    0.000000] Scanning 1 areas for low memory corruption
[    0.000000] RAMDISK: [mem 0x359cf000-0x36cdefff]
[    0.000000] ACPI: Early table checksum verification disabled
[    0.000000] ACPI: RSDP 0x00000000000E0000 000024 (v02 VBOX  )
[    0.000000] ACPI: XSDT 0x000000007FFF0030 00003C (v01 VBOX   VBOXXSDT 00000001 ASL  00000061)
[    0.000000] ACPI: FACP 0x000000007FFF00F0 0000F4 (v04 VBOX   VBOXFACP 00000001 ASL  00000061)
[    0.000000] ACPI: DSDT 0x000000007FFF0470 002325 (v02 VBOX   VBOXBIOS 00000002 INTL 20100528)
[    0.000000] ACPI: FACS 0x000000007FFF0200 000040
[    0.000000] ACPI: FACS 0x000000007FFF0200 000040
[    0.000000] ACPI: APIC 0x000000007FFF0240 00005C (v02 VBOX   VBOXAPIC 00000001 ASL  00000061)
[    0.000000] ACPI: SSDT 0x000000007FFF02A0 0001CC (v01 VBOX   VBOXCPUT 00000002 INTL 20100528)
[    0.000000] No NUMA configuration found
[    0.000000] Faking a node at [mem 0x0000000000000000-0x000000007ffeffff]
[    0.000000] NODE_DATA(0) allocated [mem 0x7ffc5000-0x7ffeffff]
[    0.000000] kvm-clock: cpu 0, msr 0:7ff44001, primary cpu clock
[    0.000000] kvm-clock: Using msrs 4b564d01 and 4b564d00
[    0.000000] kvm-clock: using sched offset of 4186760868 cycles
[    0.000000] clocksource: kvm-clock: mask: 0xffffffffffffffff max_cycles: 0x1cd42e4dffb, max_idle_ns: 881590591483 ns
[    0.000000] Zone ranges:
[    0.000000]   DMA      [mem 0x0000000000001000-0x0000000000ffffff]
[    0.000000]   DMA32    [mem 0x0000000001000000-0x000000007ffeffff]
[    0.000000]   Normal   empty
[    0.000000]   Device   empty
[    0.000000] Movable zone start for each node
[    0.000000] Early memory node ranges
[    0.000000]   node   0: [mem 0x0000000000001000-0x000000000009efff]
[    0.000000]   node   0: [mem 0x0000000000100000-0x000000007ffeffff]
[    0.000000] Reserved but unavailable: 98 pages
[    0.000000] Initmem setup node 0 [mem 0x0000000000001000-0x000000007ffeffff]
[    0.000000] ACPI: PM-Timer IO Port: 0x4008
[    0.000000] IOAPIC[0]: apic_id 2, version 32, address 0xfec00000, GSI 0-23
[    0.000000] ACPI: INT_SRC_OVR (bus 0 bus_irq 0 global_irq 2 dfl dfl)
[    0.000000] ACPI: INT_SRC_OVR (bus 0 bus_irq 9 global_irq 9 low level)
[    0.000000] Using ACPI (MADT) for SMP configuration information
[    0.000000] smpboot: Allowing 2 CPUs, 0 hotplug CPUs
[    0.000000] PM: Registered nosave memory: [mem 0x00000000-0x00000fff]
[    0.000000] PM: Registered nosave memory: [mem 0x0009f000-0x0009ffff]
[    0.000000] PM: Registered nosave memory: [mem 0x000a0000-0x000effff]
[    0.000000] PM: Registered nosave memory: [mem 0x000f0000-0x000fffff]
[    0.000000] e820: [mem 0x80000000-0xfebfffff] available for PCI devices
[    0.000000] Booting paravirtualized kernel on KVM
[    0.000000] clocksource: refined-jiffies: mask: 0xffffffff max_cycles: 0xffffffff, max_idle_ns: 7645519600211568 ns
[    0.000000] random: get_random_bytes called from start_kernel+0x99/0x500 with crng_init=0
[    0.000000] setup_percpu: NR_CPUS:8192 nr_cpumask_bits:2 nr_cpu_ids:2 nr_node_ids:1
[    0.000000] percpu: Embedded 45 pages/cpu s147456 r8192 d28672 u1048576
[    0.000000] PV qspinlock hash table entries: 256 (order: 0, 4096 bytes)
[    0.000000] Built 1 zonelists, mobility grouping on.  Total pages: 515961
[    0.000000] Policy zone: DMA32
[    0.000000] Kernel command line: BOOT_IMAGE=/boot/vmlinuz-4.15.0-142-generic root=LABEL=cloudimg-rootfs ro console=tty1 console=ttyS0
[    0.000000] Memory: 2014912K/2096696K available (12300K kernel code, 2483K rwdata, 4316K rodata, 2444K init, 2724K bss, 81784K reserved, 0K cma-reserved)
[    0.000000] SLUB: HWalign=64, Order=0-3, MinObjects=0, CPUs=2, Nodes=1
[    0.000000] ftrace: allocating 39434 entries in 155 pages
[    0.004000] Hierarchical RCU implementation.
[    0.004000] 	RCU restricting CPUs from NR_CPUS=8192 to nr_cpu_ids=2.
[    0.004000] 	Tasks RCU enabled.
[    0.004000] RCU: Adjusting geometry for rcu_fanout_leaf=16, nr_cpu_ids=2
[    0.004000] NR_IRQS: 524544, nr_irqs: 440, preallocated irqs: 16
[    0.004000] Console: colour VGA+ 80x25
[    0.004000] console [tty1] enabled
[    0.004000] console [ttyS0] enabled
[    0.004000] ACPI: Core revision 20170831
[    0.004000] ACPI: 2 ACPI AML tables successfully acquired and loaded
[    0.004000] APIC: Switch to symmetric I/O mode setup
[    0.004000] x2apic enabled
[    0.004000] Switched APIC routing to physical x2apic.
[    0.004000] ..TIMER: vector=0x30 apic1=0 pin1=2 apic2=-1 pin2=-1
[    0.004007] tsc: Detected 2303.996 MHz processor
[    0.005113] Calibrating delay loop (skipped) preset value.. 4607.99 BogoMIPS (lpj=9215984)
[    0.005871] pid_max: default: 32768 minimum: 301
[    0.008045] Security Framework initialized
[    0.008962] Yama: becoming mindful.
[    0.009871] AppArmor: AppArmor initialized
[    0.016126] Dentry cache hash table entries: 262144 (order: 9, 2097152 bytes)
[    0.020032] Inode-cache hash table entries: 131072 (order: 8, 1048576 bytes)
[    0.021459] Mount-cache hash table entries: 4096 (order: 3, 32768 bytes)
[    0.023015] Mountpoint-cache hash table entries: 4096 (order: 3, 32768 bytes)
[    0.024297] Last level iTLB entries: 4KB 64, 2MB 8, 4MB 8
[    0.025376] Last level dTLB entries: 4KB 64, 2MB 0, 4MB 0, 1GB 4
[    0.026652] Spectre V1 : Mitigation: usercopy/swapgs barriers and __user pointer sanitization
[    0.028006] Spectre V2 : Mitigation: Full generic retpoline
[    0.029471] Spectre V2 : Spectre v2 / SpectreRSB mitigation: Filling RSB on context switch
[    0.032004] Speculative Store Bypass: Vulnerable
[    0.033111] SRBDS: Mitigation: TSX disabled
[    0.034246] Freeing SMP alternatives memory: 36K
[    0.147540] smpboot: CPU0: Intel(R) Core(TM) i7-10510U CPU @ 1.80GHz (family: 0x6, model: 0x8e, stepping: 0xc)
[    0.148000] Performance Events: unsupported p6 CPU model 142 no PMU driver, software events only.
[    0.148091] Hierarchical SRCU implementation.
[    0.152381] NMI watchdog: Perf event create on CPU 0 failed with -2
[    0.154798] NMI watchdog: Perf NMI watchdog permanently disabled
[    0.156000] smp: Bringing up secondary CPUs ...
[    0.156085] x86: Booting SMP configuration:
[    0.156946] .... node  #0, CPUs:      #1
[    0.004000] kvm-clock: cpu 1, msr 0:7ff44041, secondary cpu clock
[    0.162094] smp: Brought up 1 node, 2 CPUs
[    0.162094] smpboot: Max logical packages: 1
[    0.164005] smpboot: Total of 2 processors activated (9215.98 BogoMIPS)
[    0.165371] devtmpfs: initialized
[    0.165371] x86/mm: Memory block size: 128MB
[    0.165824] evm: security.selinux
[    0.166512] evm: security.SMACK64
[    0.168004] evm: security.SMACK64EXEC
[    0.168760] evm: security.SMACK64TRANSMUTE
[    0.169528] evm: security.SMACK64MMAP
[    0.170243] evm: security.apparmor
[    0.171202] evm: security.ima
[    0.172004] evm: security.capability
[    0.172725] clocksource: jiffies: mask: 0xffffffff max_cycles: 0xffffffff, max_idle_ns: 7645041785100000 ns
[    0.173848] futex hash table entries: 512 (order: 3, 32768 bytes)
[    0.176056] pinctrl core: initialized pinctrl subsystem
[    0.177167] RTC time:  0:42:15, date: 07/16/22
[    0.178204] NET: Registered protocol family 16
[    0.179201] audit: initializing netlink subsys (disabled)
[    0.180030] audit: type=2000 audit(1657932141.000:1): state=initialized audit_enabled=0 res=1
[    0.181660] cpuidle: using governor ladder
[    0.181660] cpuidle: using governor menu
[    0.184122] ACPI: bus type PCI registered
[    0.185146] acpiphp: ACPI Hot Plug PCI Controller Driver version: 0.5
[    0.186693] PCI: Using configuration type 1 for base access
[    0.189477] HugeTLB registered 2.00 MiB page size, pre-allocated 0 pages
[    0.196205] ACPI: Added _OSI(Module Device)
[    0.197468] ACPI: Added _OSI(Processor Device)
[    0.200024] ACPI: Added _OSI(3.0 _SCP Extensions)
[    0.201848] ACPI: Added _OSI(Processor Aggregator Device)
[    0.203399] ACPI: Added _OSI(Linux-Dell-Video)
[    0.204011] ACPI: Added _OSI(Linux-Lenovo-NV-HDMI-Audio)
[    0.205109] ACPI: Added _OSI(Linux-HPI-Hybrid-Graphics)
[    0.206470] ACPI: Executed 1 blocks of module-level executable AML code
[    0.213808] ACPI: Interpreter enabled
[    0.214663] ACPI: (supports S0 S5)
[    0.215389] ACPI: Using IOAPIC for interrupt routing
[    0.216245] PCI: Using host bridge windows from ACPI; if necessary, use "pci=nocrs" and report a bug
[    0.218522] ACPI: Enabled 2 GPEs in block 00 to 07
[    0.229959] ACPI: PCI Root Bridge [PCI0] (domain 0000 [bus 00-ff])
[    0.231250] acpi PNP0A03:00: _OSC: OS supports [ASPM ClockPM Segments MSI]
[    0.232531] acpi PNP0A03:00: _OSC: not requesting OS control; OS requires [ExtendedConfig ASPM ClockPM MSI]
[    0.234435] acpi PNP0A03:00: fail to add MMCONFIG information, can't access extended PCI configuration space under this bridge.
[    0.236671] PCI host bridge to bus 0000:00
[    0.237533] pci_bus 0000:00: root bus resource [io  0x0000-0x0cf7 window]
[    0.238884] pci_bus 0000:00: root bus resource [io  0x0d00-0xffff window]
[    0.240009] pci_bus 0000:00: root bus resource [mem 0x000a0000-0x000bffff window]
[    0.244004] pci_bus 0000:00: root bus resource [mem 0x80000000-0xfdffffff window]
[    0.245660] pci_bus 0000:00: root bus resource [bus 00-ff]
[    0.251014] pci 0000:00:01.1: legacy IDE quirk: reg 0x10: [io  0x01f0-0x01f7]
[    0.252005] pci 0000:00:01.1: legacy IDE quirk: reg 0x14: [io  0x03f6]
[    0.253902] pci 0000:00:01.1: legacy IDE quirk: reg 0x18: [io  0x0170-0x0177]
[    0.255264] pci 0000:00:01.1: legacy IDE quirk: reg 0x1c: [io  0x0376]
[    0.288406] pci 0000:00:07.0: quirk: [io  0x4000-0x403f] claimed by PIIX4 ACPI
[    0.292043] pci 0000:00:07.0: quirk: [io  0x4100-0x410f] claimed by PIIX4 SMB
[    0.321412] ACPI: PCI Interrupt Link [LNKA] (IRQs 5 9 10 *11)
[    0.324298] ACPI: PCI Interrupt Link [LNKB] (IRQs 5 9 *10 11)
[    0.328287] ACPI: PCI Interrupt Link [LNKC] (IRQs 5 *9 10 11)
[    0.331294] ACPI: PCI Interrupt Link [LNKD] (IRQs 5 9 10 *11)
[    0.332882] SCSI subsystem initialized
[    0.336113] pci 0000:00:02.0: vgaarb: setting as boot VGA device
[    0.338883] pci 0000:00:02.0: vgaarb: VGA device added: decodes=io+mem,owns=io+mem,locks=none
[    0.340015] pci 0000:00:02.0: vgaarb: bridge control possible
[    0.344035] vgaarb: loaded
[    0.345333] ACPI: bus type USB registered
[    0.348052] usbcore: registered new interface driver usbfs
[    0.350623] usbcore: registered new interface driver hub
[    0.352025] usbcore: registered new device driver usb
[    0.356027] EDAC MC: Ver: 3.0.0
[    0.357086] PCI: Using ACPI for IRQ routing
[    0.360689] NetLabel: Initializing
[    0.362340] NetLabel:  domain hash size = 128
[    0.364006] NetLabel:  protocols = UNLABELED CIPSOv4 CALIPSO
[    0.365342] NetLabel:  unlabeled traffic allowed by default
[    0.366548] clocksource: Switched to clocksource kvm-clock
[    0.403060] VFS: Disk quotas dquot_6.6.0
[    0.405116] VFS: Dquot-cache hash table entries: 512 (order 0, 4096 bytes)
[    0.408446] AppArmor: AppArmor Filesystem Enabled
[    0.410659] pnp: PnP ACPI init
[    0.414510] pnp: PnP ACPI: found 3 devices
[    0.433568] clocksource: acpi_pm: mask: 0xffffff max_cycles: 0xffffff, max_idle_ns: 2085701024 ns
[    0.437677] NET: Registered protocol family 2
[    0.440216] TCP established hash table entries: 16384 (order: 5, 131072 bytes)
[    0.443403] TCP bind hash table entries: 16384 (order: 6, 262144 bytes)
[    0.446421] TCP: Hash tables configured (established 16384 bind 16384)
[    0.455874] UDP hash table entries: 1024 (order: 3, 32768 bytes)
[    0.458820] UDP-Lite hash table entries: 1024 (order: 3, 32768 bytes)
[    0.461611] NET: Registered protocol family 1
[    0.463669] pci 0000:00:00.0: Limiting direct PCI/PCI transfers
[    0.466459] pci 0000:00:01.0: Activating ISA DMA hang workarounds
[    0.469093] pci 0000:00:02.0: Video device with shadowed ROM at [mem 0x000c0000-0x000dffff]
[    0.471128] Unpacking initramfs...
[    1.304688] Freeing initrd memory: 19520K
[    1.305860] clocksource: tsc: mask: 0xffffffffffffffff max_cycles: 0x2135f449559, max_idle_ns: 440795312421 ns
[    1.309151] platform rtc_cmos: registered platform RTC device (no PNP device found)
[    1.311283] Scanning for low memory corruption every 60 seconds
[    1.313741] Initialise system trusted keyrings
[    1.314734] Key type blacklist registered
[    1.315676] workingset: timestamp_bits=36 max_order=19 bucket_order=0
[    1.318139] zbud: loaded
[    1.323906] squashfs: version 4.0 (2009/01/31) Phillip Lougher
[    1.325714] fuse init (API version 7.26)
[    1.330958] Key type asymmetric registered
[    1.331992] Asymmetric key parser 'x509' registered
[    1.333259] Block layer SCSI generic (bsg) driver version 0.4 loaded (major 246)
[    1.335092] io scheduler noop registered
[    1.336247] io scheduler deadline registered
[    1.337195] io scheduler cfq registered (default)
[    1.338277] ACPI: AC Adapter [AC] (off-line)
[    1.339056] input: Power Button as /devices/LNXSYSTM:00/LNXPWRBN:00/input/input0
[    1.341360] ACPI: Power Button [PWRF]
[    1.342553] input: Sleep Button as /devices/LNXSYSTM:00/LNXSLPBN:00/input/input1
[    1.343720] ACPI: Sleep Button [SLPF]
[    1.345499] ACPI: Battery Slot [BAT0] (battery present)
[    1.346512] Serial: 8250/16550 driver, 32 ports, IRQ sharing enabled
[    1.369865] 00:02: ttyS0 at I/O 0x3f8 (irq = 4, base_baud = 115200) is a 16550A
[    1.379956] Linux agpgart interface v0.103
[    1.385687] loop: module loaded
[    1.388311] scsi host0: ata_piix
[    1.390110] scsi host1: ata_piix
[    1.391782] ata1: PATA max UDMA/33 cmd 0x1f0 ctl 0x3f6 bmdma 0xd000 irq 14
[    1.395055] ata2: PATA max UDMA/33 cmd 0x170 ctl 0x376 bmdma 0xd008 irq 15
[    1.398417] libphy: Fixed MDIO Bus: probed
[    1.400299] tun: Universal TUN/TAP device driver, 1.6
[    1.402986] PPP generic driver version 2.4.2
[    1.405220] ehci_hcd: USB 2.0 'Enhanced' Host Controller (EHCI) Driver
[    1.408228] ehci-pci: EHCI PCI platform driver
[    1.409440] ehci-platform: EHCI generic platform driver
[    1.410463] ohci_hcd: USB 1.1 'Open' Host Controller (OHCI) Driver
[    1.411629] ohci-pci: OHCI PCI platform driver
[    1.412536] ohci-platform: OHCI generic platform driver
[    1.413586] uhci_hcd: USB Universal Host Controller Interface driver
[    1.414824] i8042: PNP: PS/2 Controller [PNP0303:PS2K,PNP0f03:PS2M] at 0x60,0x64 irq 1,12
[    1.417223] serio: i8042 KBD port at 0x60,0x64 irq 1
[    1.418161] serio: i8042 AUX port at 0x60,0x64 irq 12
[    1.419324] mousedev: PS/2 mouse device common for all mice
[    1.421292] input: AT Translated Set 2 keyboard as /devices/platform/i8042/serio0/input/input2
[    1.422972] rtc_cmos rtc_cmos: rtc core: registered rtc_cmos as rtc0
[    1.424388] rtc_cmos rtc_cmos: alarms up to one day, 114 bytes nvram
[    1.425646] i2c /dev entries driver
[    1.426444] device-mapper: uevent: version 1.0.3
[    1.427377] device-mapper: ioctl: 4.37.0-ioctl (2017-09-20) initialised: dm-devel@redhat.com
[    1.428924] ledtrig-cpu: registered to indicate activity on CPUs
[    1.430324] NET: Registered protocol family 10
[    1.435024] Segment Routing with IPv6
[    1.435815] NET: Registered protocol family 17
[    1.436726] Key type dns_resolver registered
[    1.437732] mce: Using 0 MCE banks
[    1.438387] RAS: Correctable Errors collector initialized.
[    1.439361] sched_clock: Marking stable (1437703972, 0)->(1772106354, -334402382)
[    1.441549] registered taskstats version 1
[    1.442402] Loading compiled-in X.509 certificates
[    1.446929] Loaded X.509 cert 'Build time autogenerated kernel key: 028139f94c642d40642d50ab098c4e7b0aebaa81'
[    1.449456] Loaded X.509 cert 'Canonical Ltd. Live Patch Signing: 14df34d1a87cf37625abec039ef2bf521249b969'
[    1.451776] Loaded X.509 cert 'Canonical Ltd. Kernel Module Signing: 88f752e560a1e0737e31163a466ad7b70a850c19'
[    1.453620] zswap: loaded using pool lzo/zbud
[    1.458137] Key type big_key registered
[    1.458969] Key type trusted registered
[    1.461468] Key type encrypted registered
[    1.462365] AppArmor: AppArmor sha1 policy hashing enabled
[    1.463406] ima: No TPM chip found, activating TPM-bypass! (rc=-19)
[    1.464726] ima: Allocated hash algorithm: sha1
[    1.465800] evm: HMAC attrs: 0x1
[    1.466779]   Magic number: 14:887:708
[    1.467807] rtc_cmos rtc_cmos: setting system clock to 2022-07-16 00:42:16 UTC (1657932136)
[    1.469699] BIOS EDD facility v0.16 2004-Jun-25, 0 devices found
[    1.470806] EDD information not available.
[    1.629624] Freeing unused kernel image memory: 2444K
[    2.396735] Write protecting the kernel read-only data: 20480k
[    2.402946] Freeing unused kernel image memory: 2008K
[    2.407566] Freeing unused kernel image memory: 1828K
[    2.443938] x86/mm: Checked W+X mappings: passed, no W+X pages found.
Loading, please wait...
starting version 237
[    2.615319] e1000: Intel(R) PRO/1000 Network Driver - version 7.3.21-k8-NAPI
[    2.617342] e1000: Copyright (c) 1999-2006 Intel Corporation.
[    2.657272] Fusion MPT base driver 3.04.20
[    2.659595] Copyright (c) 1999-2008 LSI Corporation
[    2.698791] Fusion MPT SPI Host driver 3.04.20
[    2.718569] AVX2 version of gcm_enc/dec engaged.
[    2.720121] AES CTR mode by8 optimization enabled
[    2.909684] input: ImExPS/2 Generic Explorer Mouse as /devices/platform/i8042/serio1/input/input4
[    3.361294] e1000 0000:00:03.0 eth0: (PCI:33MHz:32-bit) 02:f3:7b:02:da:50
[    3.363916] e1000 0000:00:03.0 eth0: Intel(R) PRO/1000 Network Connection
[    4.179774] e1000 0000:00:08.0 eth1: (PCI:33MHz:32-bit) 08:00:27:9e:97:4a
[    4.183908] e1000 0000:00:08.0 eth1: Intel(R) PRO/1000 Network Connection
[    4.189930] mptbase: ioc0: Initiating bringup
[    4.191340] e1000 0000:00:08.0 enp0s8: renamed from eth1
[    4.229842] e1000 0000:00:03.0 enp0s3: renamed from eth0
[    4.292900] ioc0: LSI53C1030 A0: Capabilities={Initiator}
[    4.541179] scsi host2: ioc0: LSI53C1030 A0, FwRev=00000000h, Ports=1, MaxQ=256, IRQ=20
[    4.713967] scsi 2:0:0:0: Direct-Access     VBOX     HARDDISK         1.0  PQ: 0 ANSI: 5
[    4.748090] scsi target2:0:0: Beginning Domain Validation
[    4.758885] scsi target2:0:0: Domain Validation skipping write tests
[    4.764355] scsi target2:0:0: Ending Domain Validation
[    4.768647] scsi target2:0:0: asynchronous
[    4.774289] scsi 2:0:1:0: Direct-Access     VBOX     HARDDISK         1.0  PQ: 0 ANSI: 5
[    4.808822] scsi target2:0:1: Beginning Domain Validation
[    4.817844] random: fast init done
[    4.822399] scsi target2:0:1: Domain Validation skipping write tests
[    4.826869] scsi target2:0:1: Ending Domain Validation
[    4.831228] scsi target2:0:1: asynchronous
[    4.850080] random: systemd-udevd: uninitialized urandom read (16 bytes read)
[    4.855208] random: systemd-udevd: uninitialized urandom read (16 bytes read)
[    4.861438] sd 2:0:0:0: Attached scsi generic sg0 type 0
[    4.866218] random: systemd-udevd: uninitialized urandom read (16 bytes read)
[    4.871922] sd 2:0:0:0: [sda] 83886080 512-byte logical blocks: (42.9 GB/40.0 GiB)
[    4.878109] sd 2:0:0:0: [sda] Write Protect is off
[    4.882306] sd 2:0:1:0: Attached scsi generic sg1 type 0
[    4.887662] sd 2:0:1:0: [sdb] 20480 512-byte logical blocks: (10.5 MB/10.0 MiB)
[    4.893443] sd 2:0:0:0: [sda] Incomplete mode parameter data
[    4.899262] sd 2:0:0:0: [sda] Assuming drive cache: write through
[    4.904674] sd 2:0:1:0: [sdb] Write Protect is off
[    4.907948] sd 2:0:1:0: [sdb] Incomplete mode parameter data
[    4.911443] sd 2:0:1:0: [sdb] Assuming drive cache: write through
[    4.918942]  sda: sda1
[    4.924030] sd 2:0:0:0: [sda] Attached SCSI disk
[    4.930192] sd 2:0:1:0: [sdb] Attached SCSI disk
Begin: Loading essential drivers ... [    6.924330] raid6: sse2x1   gen()  2621 MB/s
[    6.972078] raid6: sse2x1   xor()  2625 MB/s
[    7.020065] raid6: sse2x2   gen()  5544 MB/s
[    7.068085] raid6: sse2x2   xor()  3659 MB/s
[    7.116294] raid6: sse2x4   gen()  6124 MB/s
[    7.164085] raid6: sse2x4   xor()  3922 MB/s
[    7.212142] raid6: avx2x1   gen()  8516 MB/s
[    7.260114] raid6: avx2x1   xor()  5350 MB/s
[    7.308111] raid6: avx2x2   gen() 10912 MB/s
[    7.356137] raid6: avx2x2   xor()  5612 MB/s
[    7.404102] raid6: avx2x4   gen()  8934 MB/s
[    7.452071] raid6: avx2x4   xor()  7450 MB/s
[    7.454063] raid6: using algorithm avx2x2 gen() 10912 MB/s
[    7.456480] raid6: .... xor() 5612 MB/s, rmw enabled
[    7.458869] raid6: using avx2x2 recovery algorithm
[    7.464232] xor: automatically using best checksumming function   avx       
[    7.469960] async_tx: api initialized (async)
done.
Begin: Running /scripts/init-premount ... done.
Begin: Mounting root file system ... Begin: Running /scripts/local-top ... done.
Begin: Running /scripts/local-premount ... [    7.570223] Btrfs loaded, crc32c=crc32c-intel
Scanning for Btrfs filesystems
done.
Warning: fsck not present, so skipping root file system
[    7.643340] EXT4-fs (sda1): mounted filesystem with ordered data mode. Opts: (null)
done.
Begin: Running /scripts/local-bottom ... done.
Begin: Running /scripts/init-bottom ... done.
[    7.792376] ip_tables: (C) 2000-2006 Netfilter Core Team
[    7.800420] systemd[1]: systemd 237 running in system mode. (+PAM +AUDIT +SELINUX +IMA +APPARMOR +SMACK +SYSVINIT +UTMP +LIBCRYPTSETUP +GCRYPT +GNUTLS +ACL +XZ +LZ4 +SECCOMP +BLKID +ELFUTILS +KMOD -IDN2 +IDN -PCRE2 default-hierarchy=hybrid)
[    7.804503] systemd[1]: Detected virtualization oracle.
[    7.805640] systemd[1]: Detected architecture x86-64.

Welcome to [1mUbuntu 18.04.5 LTS[0m!

[    7.812937] systemd[1]: Set hostname to <ubuntu>.
[    7.815702] systemd[1]: Initializing machine ID from random generator.
[    7.817024] systemd[1]: Installed transient /etc/machine-id file.
[    8.157470] systemd[1]: Reached target Swap.
[[0;32m  OK  [0m] Reached target Swap.
[    8.160681] systemd[1]: Created slice System Slice.
[[0;32m  OK  [0m] Created slice System Slice.
[    8.162448] systemd[1]: Listening on LVM2 poll daemon socket.
[[0;32m  OK  [0m] Listening on LVM2 poll daemon socket.
[    8.164539] systemd[1]: Listening on Journal Socket (/dev/log).
[[0;32m  OK  [0m] Listening on Journal Socket (/dev/log).
[[0;32m  OK  [0m] Listening on udev Control Socket.
[[0;32m  OK  [0m] Listening on Journal Socket.
         Starting Uncomplicated firewall...
         Starting Set the console keyboard layout...
         Mounting POSIX Message Queue File System...
         Starting Load Kernel Modules...
         Mounting Kernel Debug File System...
         Mounting Huge Pages File System...
[[0;32m  OK  [0m] Listening on Syslog Socket.
[[0;32m  OK  [0m] Listening on LVM2 metadata daemon socket.
[[0;32m  OK  [0m] Reached target User and Group Name Lookups.
[[0;32m  OK  [0m] Listening on Network Service Netlink Socket.
[[0;32m  OK  [0m] Set up automount Arbitrary Executab…rmats File System Automount Point.
[    8.210440] Loading iSCSI transport class v2.0-870.
[[0;32m  OK  [0m] Listening on Journal Audit Socket.
         Starting Journal Service...
[    8.226603] iscsi: registered transport (tcp)
[[0;32m  OK  [0m] Listening on fsck to fsckd communication Socket.
         Starting File System Check on Root Device...
[[0;32m  OK  [0m] Listening on udev Kernel Socket.
[[0;32m  OK  [0m] Listening on Device-mapper event daemon FIFOs.
         Starting Monitoring of LVM2 mirrors…ng dmeventd or progress polling...
[[0;32m  OK  [0m] Reached target System Time Synchronized.
[[0;32m  OK  [0m] Created slice system-serial\x2dgetty.slice.
[[0;32m  OK  [0m] Listening on /dev/initctl Compatibility Named Pipe.
[[0;32m  OK  [0m] Created slice User and Session Slice.
[[0;32m  OK  [0m] Reached target Slices.
         Starting udev Coldplug all Devices...
[[0;32m  OK  [0m] Started Forward Password Requests to Wall Directory Watch.
         Starting Create list of required st…ce nodes for the current kernel...
[[0;32m  OK  [0m] Started Journal Service.
[[0;32m  OK  [0m] Started Uncomplicated firewall.
[[0;32m  OK  [0m] Mounted POSIX Message Queue File System.
[[0;32m  OK  [0m] Mounted Kernel Debug File System.
[[0;32m  OK  [0m] Mounted Huge Pages File System.
[[0;32m  OK  [0m] Started File System Check Daemon to report status.
[[0;32m  OK  [0m] Started File System Check on Root Device.
[[0;32m  OK  [0m] Started Create list of required sta…vice nodes for the current kernel.
         Starting Create Static Device Nodes in /dev...
         Starting Remount Root and Kernel File Systems...
[[0;32m  OK  [0m] Started LVM2 metadata daemon.
[[0;32m  OK  [0m] Started Create Static Device Nodes in /dev.
[    8.524615] EXT4-fs (sda1): re-mounted. Opts: (null)
[[0;32m  OK  [0m] Started Remount Root and Kernel File Systems.
         Starting Load/Save Random Seed...
         Starting udev Kernel Device Manager...
         Starting Flush Journal to Persistent Storage...
[[0;32m  OK  [0m] Started Monitoring of LVM2 mirrors,…sing dmeventd or progress polling.
[    8.572937] iscsi: registered transport (iser)
[[0;32m  OK  [0m] Started Load Kernel Modules.
         Mounting FUSE Control File System...
         Mounting Kernel Configuration File System...
         Starting Apply Kernel Variables...
[[0;32m  OK  [0m] Mounted FUSE Control File System.
[[0;32m  OK  [0m] Started udev Coldplug all Devices.
[[0;32m  OK  [0m] Started Load/Save Random Seed.
[[0;32m  OK  [0m] Mounted Kernel Configuration File System.
[    8.631593] systemd-journald[409]: Received request to flush runtime journal from PID 1
[[0;32m  OK  [0m] Started Set the console keyboard layout.
[[0;32m  OK  [0m] Reached target Local File Systems (Pre).
[[0;32m  OK  [0m] Reached target Local File Systems.
         Starting ebtables ruleset management...
         Starting Commit a transient machine-id on disk...
         Starting AppArmor initialization...
         Starting Set console font and keymap...
         Starting Tell Plymouth To Write Out Runtime Data...
[[0;32m  OK  [0m] Started udev Kernel Device Manager.
[[0;32m  OK  [0m] Started Dispatch Password Requests to Console Directory Watch.
[[0;32m  OK  [0m] Reached target Local Encrypted Volumes.
[[0;32m  OK  [0m] Started Set console font and keymap.
[[0;32m  OK  [0m] Started Apply Kernel Variables.
[[0;32m  OK  [0m] Started Tell Plymouth To Write Out Runtime Data.
[[0;32m  OK  [0m] Started Flush Journal to Persistent Storage.
         Starting Create Volatile Files and Directories...
[[0;32m  OK  [0m] Started Commit a transient machine-id on disk.
[[0;32m  OK  [0m] Started Create Volatile Files and Directories.
         Starting Update UTMP about System Boot/Shutdown...
[[0;32m  OK  [0m] Started ebtables ruleset management.
[[0;32m  OK  [0m] Started Update UTMP about System Boot/Shutdown.
[[0;32m  OK  [0m] Found device /dev/ttyS0.
[[0;32m  OK  [0m] Listening on Load/Save RF Kill Switch Status /dev/rfkill Watch.
[[0;32m  OK  [0m] Started AppArmor initialization.
         Starting Load AppArmor profiles managed internally by snapd...
         Starting Initial cloud-init job (pre-networking)...
[[0;32m  OK  [0m] Started Load AppArmor profiles managed internally by snapd.
[   13.023224] cloud-init[575]: Cloud-init v. 21.1-19-gbad84ad4-0ubuntu1~18.04.1 running 'init-local' at Sat, 16 Jul 2022 00:42:27 +0000. Up 12.19 seconds.
[[0;32m  OK  [0m] Started Initial cloud-init job (pre-networking).
[[0;32m  OK  [0m] Reached target Network (Pre).
         Starting Network Service...
[[0;32m  OK  [0m] Started Network Service.
         Starting Wait for Network to be Configured...
         Starting Network Name Resolution...
[[0;32m  OK  [0m] Started Network Name Resolution.
[[0;32m  OK  [0m] Reached target Network.
[[0;32m  OK  [0m] Reached target Host and Network Name Lookups.
[[0;32m  OK  [0m] Started Wait for Network to be Configured.
         Starting Initial cloud-init job (metadata service crawler)...
[   15.367852] cloud-init[675]: Cloud-init v. 21.1-19-gbad84ad4-0ubuntu1~18.04.1 running 'init' at Sat, 16 Jul 2022 00:42:30 +0000. Up 15.06 seconds.
[   15.370297] cloud-init[675]: ci-info: ++++++++++++++++++++++++++++++++++++++Net device info+++++++++++++++++++++++++++++++++++++++
[   15.372122] cloud-init[675]: ci-info: +--------+-------+----------------------------+---------------+--------+-------------------+
[   15.374011] cloud-init[675]: ci-info: | Device |   Up  |          Address           |      Mask     | Scope  |     Hw-Address    |
[   15.376007] cloud-init[675]: ci-info: +--------+-------+----------------------------+---------------+--------+-------------------+
[   15.377839] cloud-init[675]: ci-info: | enp0s3 |  True |         10.0.2.15          | 255.255.255.0 | global | 02:f3:7b:02:da:50 |
[   15.388289] cloud-init[675]: ci-info: | enp0s3 |  True | fe80::f3:7bff:fe02:da50/64 |       .       |  link  | 02:f3:7b:02:da:50 |
[   15.389935] cloud-init[675]: ci-info: | enp0s8 | False |             .              |       .       |   .    | 08:00:27:9e:97:4a |
[   15.391628] cloud-init[675]: ci-info: |   lo   |  True |         127.0.0.1          |   255.0.0.0   |  host  |         .         |
[   15.393364] cloud-init[675]: ci-info: |   lo   |  True |          ::1/128           |       .       |  host  |         .         |
[   15.395064] cloud-init[675]: ci-info: +--------+-------+----------------------------+---------------+--------+-------------------+
[   15.396592] cloud-init[675]: ci-info: ++++++++++++++++++++++++++++Route IPv4 info+++++++++++++++++++++++++++++
[   15.408214] cloud-init[675]: ci-info: +-------+-------------+----------+-----------------+-----------+-------+
[   15.409707] cloud-init[675]: ci-info: | Route | Destination | Gateway  |     Genmask     | Interface | Flags |
[   15.420245] cloud-init[675]: ci-info: +-------+-------------+----------+-----------------+-----------+-------+
[   15.421569] cloud-init[675]: ci-info: |   0   |   0.0.0.0   | 10.0.2.2 |     0.0.0.0     |   enp0s3  |   UG  |
[   15.423075] cloud-init[675]: ci-info: |   1   |   10.0.2.0  | 0.0.0.0  |  255.255.255.0  |   enp0s3  |   U   |
[   15.424912] cloud-init[675]: ci-info: |   2   |   10.0.2.2  | 0.0.0.0  | 255.255.255.255 |   enp0s3  |   UH  |
[   15.426578] cloud-init[675]: ci-info: +-------+-------------+----------+-----------------+-----------+-------+
[   15.428175] cloud-init[675]: ci-info: +++++++++++++++++++Route IPv6 info+++++++++++++++++++
[   15.429478] cloud-init[675]: ci-info: +-------+-------------+---------+-----------+-------+
[   15.440291] cloud-init[675]: ci-info: | Route | Destination | Gateway | Interface | Flags |
[   15.441856] cloud-init[675]: ci-info: +-------+-------------+---------+-----------+-------+
[   15.443316] cloud-init[675]: ci-info: |   1   |  fe80::/64  |    ::   |   enp0s3  |   U   |
[   15.444729] cloud-init[675]: ci-info: |   3   |    local    |    ::   |   enp0s3  |   U   |
[   15.445911] cloud-init[675]: ci-info: |   4   |   ff00::/8  |    ::   |   enp0s3  |   U   |
[   15.447214] cloud-init[675]: ci-info: +-------+-------------+---------+-----------+-------+
[   16.526642] cloud-init[675]: Generating public/private rsa key pair.
[   16.527754] cloud-init[675]: Your identification has been saved in /etc/ssh/ssh_host_rsa_key.
[   16.529158] cloud-init[675]: Your public key has been saved in /etc/ssh/ssh_host_rsa_key.pub.
[   16.530385] cloud-init[675]: The key fingerprint is:
[   16.531222] cloud-init[675]: SHA256:ms04K//dd5HS8q0Iw6ibr7wNJ3HyoPh4LFwyKl6Zw0c root@ubuntu-bionic
[   16.538685] cloud-init[675]: The key's randomart image is:
[   16.539592] cloud-init[675]: +---[RSA 2048]----+
[   16.552427] cloud-init[675]: |                 |
[   16.564397] cloud-init[675]: |                 |
[   16.576354] cloud-init[675]: |                 |
[   16.588411] cloud-init[675]: |                 |
[   16.600475] cloud-init[675]: |     E+ S     . .|
[   16.601529] cloud-init[675]: |  +.=. % o   o + |
[   16.602651] cloud-init[675]: | o.@..B * +   + o|
[   16.612447] cloud-init[675]: |o +o*. X . + ...o|
[[0;32m  OK  [0m] Started Initial cloud-init job (metadata service crawler).
[[0;32m  OK  [0m] Reached target System Initialization.
[   16.631472] cloud-init[675]: |o..o.oX*+ . o..o |
[   16.646890] cloud-init[675]: +----[SHA256]-----+
         Starting LXD - unix socket.
[[0;32m  OK  [0m] Listening on Open-iSCSI iscsid Socket.
[[0;32m  OK  [0m] Listening on UUID daemon activation socket.
[   16.665899] cloud-init[675]: Generating public/private dsa key pair.
         Starting Socket activation for snappy daemon.
[[0;32m  OK  [0m] Listening on D-Bus System Message Bus Socket.
[[0;32m  OK  [0m] Started Daily apt download activities.
[[0;32m  OK  [0m] Started Daily apt upgrade and clean activities.
[[0;32m  OK  [0m] Listening on ACPID Listen Socket.
[[0;32m  OK  [0m] Started Daily Cleanup of Temporary Directories.
[[0;32m  OK  [0m] Started Message of the Day.
[[0;32m  OK  [0m] Started ACPI Events Check.
[[0;32m  OK  [0m] Reached target Paths.
[[0;32m  OK  [0m] Started Discard unused blocks once a week.
[[0;32m  OK  [0m] Reached target Timers.
[[0;32m  OK  [0m] Reached target Network is Online.
[   16.707613] cloud-init[675]: Your identification has been saved in /etc/ssh/ssh_host_dsa_key.
[   16.734131] cloud-init[675]: Your public key has been saved in /etc/ssh/ssh_host_dsa_key.pub.
[   16.828599] cloud-init[675]: The key fingerprint is:
[   17.200258] cloud-init[675]: SHA256:Hh++8abo5WCZimZHKwA6OtSTuBvMA/NCj03Av73YBB0 root@ubuntu-bionic
[[0;32m  OK  [0m] Reached target Remote File Systems (Pre).
[[0;32m  OK  [0m] Reached target Remote File Systems.
[   17.220447] cloud-init[675]: The key's randomart image is:
[   17.317665] cloud-init[675]: +---[DSA 1024]----+
         Starting Availability of block devices...
[[0;32m  OK  [0m] Reached target Cloud-config availability.
[[0;32m  OK  [0m] Listening on LXD - unix socket.
[[0;32m  OK  [0m] Listening on Socket activation for snappy daemon.
[   17.334622] cloud-init[675]: |                 |
[   17.368628] cloud-init[675]: |.                |
[   17.369316] cloud-init[675]: | o   E           |
[   17.435758] cloud-init[675]: |. o . .          |
[   17.436678] cloud-init[675]: |+oo+..  S .      |
[   17.437479] cloud-init[675]: |B=*++ .. * .     |
[   17.438001] cloud-init[675]: |+Bo=.+ .* =      |
[   17.438682] cloud-init[675]: |ooo B.+o = +.    |
[   17.439486] cloud-init[675]: | o.+.=..o +o.    |
[   17.440274] cloud-init[675]: +----[SHA256]-----+
[   17.441064] cloud-init[675]: Generating public/private ecdsa key pair.
[[0;32m  OK  [0m] Started Availability of block devices.
[[0;32m  OK  [0m] Reached target Sockets.
[[0;32m  OK  [0m] Reached target Basic System.
[   17.444410] cloud-init[675]: Your identification has been saved in /etc/ssh/ssh_host_ecdsa_key.
[   17.472564] cloud-init[675]: Your public key has been saved in /etc/ssh/ssh_host_ecdsa_key.pub.
         Starting Pollinate to seed the pseudo random number generator...
[[0;32m  OK  [0m] Started Deferred execution scheduler.
[   17.475666] cloud-init[675]: The key fingerprint is:
[[0;32m  OK  [0m] Started Regular background program processing daemon.
         Starting Accounts Service...
[   17.498501] cloud-init[675]: SHA256:LWJGXhPz+vG+R+tmo+maqTxgnOA/rP64PZzrTR99/rU root@ubuntu-bionic
[   17.504987] cloud-init[675]: The key's randomart image is:
[[0;32m  OK  [0m] Started D-Bus System Message Bus.
[   17.510811] cloud-init[675]: +---[ECDSA 256]---+
[   17.513289] cloud-init[675]: |        o        |
[   17.514513] cloud-init[675]: |         +       |
[   17.515404] cloud-init[675]: |      . o .      |
[   17.516416] cloud-init[675]: |    .o . +       |
[   17.517427] cloud-init[675]: |   . o=.S o      |
[   17.519631] cloud-init[675]: |    .o=. o +  .  |
[   17.520657] cloud-init[675]: |     = o. o o....|
[   17.532334] cloud-init[675]: |     oB+.. = +* o|
[   17.534708] cloud-init[675]: |   .===++o=o*BoE.|
[   17.536880] cloud-init[675]: +----[SHA256]-----+
[   17.538541] cloud-init[675]: Generating public/private ed25519 key pair.
[   17.539392] cloud-init[675]: Your identification has been saved in /etc/ssh/ssh_host_ed25519_key.
[   17.540673] cloud-init[675]: Your public key has been saved in /etc/ssh/ssh_host_ed25519_key.pub.
[   17.542124] cloud-init[675]: The key fingerprint is:
[   17.544393] cloud-init[675]: SHA256:x3r4r9+XPdTTL4Cn+3Zlh66ZyG0cfvSKU7hOaBUdnqg root@ubuntu-bionic
[   17.546141] cloud-init[675]: The key's randomart image is:
[   17.547361] cloud-init[675]: +--[ED25519 256]--+
[   17.548672] cloud-init[675]: |              .  |
[   17.549850] cloud-init[675]: |             + o |
[   17.551175] cloud-init[675]: |            o +  |
[   17.552426] cloud-init[675]: |         . . .   |
[   17.553920] cloud-init[675]: |        S E... .o|
[   17.555078] cloud-init[675]: |         +.o= +o*|
[   17.556185] cloud-init[675]: |        o +=.B.+*|
[   17.557335] cloud-init[675]: |         =.+B==o=|
[   17.560985] cloud-init[675]: |          *X@=o+.|
[   17.562805] cloud-init[675]: +----[SHA256]-----+
         Starting Dispatcher daemon for systemd-networkd...
         Starting LSB: Record successful boot for GRUB...
[[0;32m  OK  [0m] Started FUSE filesystem for LXC.
         Starting Snap Daemon...
[[0;32m  OK  [0m] Started irqbalance daemon.
         Starting LSB: automatic crash report generation...
         Starting Virtualbox guest utils...
         Starting System Logging Service...
         Starting Permit User Sessions...
         Starting Login Service...
         Starting LXD - container startup/shutdown...
[[0;32m  OK  [0m] Started System Logging Service.
[[0;32m  OK  [0m] Started Permit User Sessions.
[[0;32m  OK  [0m] Started Login Service.
[[0;32m  OK  [0m] Started Unattended Upgrades Shutdown.
         Starting Terminate Plymouth Boot Screen...
         Starting Hold until boot process finishes up...
         Starting Authorization Manager...
[[0;32m  OK  [0m] Started Hold until boot process finishes up.
         Starting Set console scheme...
[[0;32m  OK  [0m] Started Serial Getty on ttyS0.
[[0;32m  OK  [0m] Started Terminate Plymouth Boot Screen.
[[0;32m  OK  [0m] Started Set console scheme.
[[0;32m  OK  [0m] Created slice system-getty.slice.
[[0;32m  OK  [0m] Started Getty on tty1.
[[0;32m  OK  [0m] Reached target Login Prompts.
[[0;32m  OK  [0m] Started LSB: Record successful boot for GRUB.
[[0;32m  OK  [0m] Started LSB: automatic crash report generation.
[[0;32m  OK  [0m] Started Authorization Manager.
[[0;32m  OK  [0m] Started Accounts Service.
[[0;32m  OK  [0m] Started LXD - container startup/shutdown.
[[0;32m  OK  [0m] Started Virtualbox guest utils.
[[0;32m  OK  [0m] Started Dispatcher daemon for systemd-networkd.
[[0;32m  OK  [0m] Started Snap Daemon.
         Starting Wait until snapd is fully seeded...
[[0;32m  OK  [0m] Started Pollinate to seed the pseudo random number generator.
         Starting OpenBSD Secure Shell server...
[[0;32m  OK  [0m] Started OpenBSD Secure Shell server.
[[0;32m  OK  [0m] Created slice User Slice of vagrant.
         Starting User Manager for UID 1000...
[[0;32m  OK  [0m] Started Session 1 of user vagrant.
[[0;32m  OK  [0m] Started User Manager for UID 1000.
[[0;32m  OK  [0m] Started Wait until snapd is fully seeded.
[[0;32m  OK  [0m] Reached target Multi-User System.
[[0;32m  OK  [0m] Reached target Graphical Interface.
         Starting Update UTMP about System Runlevel Changes...
         Starting Apply the settings specified in cloud-config...
[[0;32m  OK  [0m] Started Update UTMP about System Runlevel Changes.
[   22.105121] cloud-init[1191]: Cloud-init v. 21.1-19-gbad84ad4-0ubuntu1~18.04.1 running 'modules:config' at Sat, 16 Jul 2022 00:42:35 +0000. Up 20.80 seconds.
[[0;32m  OK  [0m] Started Apply the settings specified in cloud-config.
         Starting Execute cloud user/final scripts...
ci-info: no authorized SSH keys fingerprints found for user ubuntu.
<14>Jul 16 00:42:38 ec2: 
<14>Jul 16 00:42:38 ec2: #############################################################
<14>Jul 16 00:42:38 ec2: -----BEGIN SSH HOST KEY FINGERPRINTS-----
<14>Jul 16 00:42:38 ec2: 1024 SHA256:Hh++8abo5WCZimZHKwA6OtSTuBvMA/NCj03Av73YBB0 root@ubuntu-bionic (DSA)
<14>Jul 16 00:42:38 ec2: 256 SHA256:LWJGXhPz+vG+R+tmo+maqTxgnOA/rP64PZzrTR99/rU root@ubuntu-bionic (ECDSA)
<14>Jul 16 00:42:38 ec2: 256 SHA256:x3r4r9+XPdTTL4Cn+3Zlh66ZyG0cfvSKU7hOaBUdnqg root@ubuntu-bionic (ED25519)
<14>Jul 16 00:42:38 ec2: 2048 SHA256:ms04K//dd5HS8q0Iw6ibr7wNJ3HyoPh4LFwyKl6Zw0c root@ubuntu-bionic (RSA)
<14>Jul 16 00:42:38 ec2: -----END SSH HOST KEY FINGERPRINTS-----
<14>Jul 16 00:42:38 ec2: #############################################################
-----BEGIN SSH HOST KEY KEYS-----
ecdsa-sha2-nistp256 AAAAE2VjZHNhLXNoYTItbmlzdHAyNTYAAAAIbmlzdHAyNTYAAABBBJ4XRDTar/g3Mn7/NI0lm/w5mmZ5ggSzzuB39TBLMzN1+qh37SlLV170KKVy8dn0bh/tY6u0R5mtjCjwVIbfzbo= root@ubuntu-bionic
ssh-ed25519 AAAAC3NzaC1lZDI1NTE5AAAAIDYXX4hlDM1Tj2odiRAtJ4nJcoSmPiglSBOz0gdnxHL7 root@ubuntu-bionic
ssh-rsa AAAAB3NzaC1yc2EAAAADAQABAAABAQDuevORKFSX/xXevNlPgA6HuO3iI5GkglNP4RoWprCQkrEc/PPmBmovDTLaiFjpwrGKw2cdVcUkYMErP5RczCmmPrPuLqgb0J0i5LhjPkmxzES3WETpbvzoFjoOKjdWGe2dTePKZOzLu7n8CuXSHvvPT8CDjSAkGiAB7i3aqpCwvKWqelhLtQePsQ3yekuzIsX7K9/eC0fwsTk5R2SexKggaHzVCrBHro1hyqg41SVlWyOpx89K+TTPioS0QXi21NmR91vGPJ+/j6yXpf8bfK5ORDug2pO7c78tnSlQahBCpw5XL9MWaOoxhomx8gJEF1zzlIx0SDOYB1UaDArWh9DT root@ubuntu-bionic
-----END SSH HOST KEY KEYS-----
[   23.523144] cloud-init[1300]: Cloud-init v. 21.1-19-gbad84ad4-0ubuntu1~18.04.1 running 'modules:final' at Sat, 16 Jul 2022 00:42:38 +0000. Up 23.19 seconds.
[   23.523297] cloud-init[1300]: ci-info: no authorized SSH keys fingerprints found for user ubuntu.
[   23.523761] cloud-init[1300]: Cloud-init v. 21.1-19-gbad84ad4-0ubuntu1~18.04.1 finished at Sat, 16 Jul 2022 00:42:38 +0000. Datasource DataSourceNoCloud [seed=/dev/sdb][dsmode=net].  Up 23.50 seconds

Ubuntu 18.04.5 LTS ubuntu-bionic ttyS0

ubuntu-bionic login: [    0.000000] Linux version 4.15.0-142-generic (buildd@lgw01-amd64-036) (gcc version 7.5.0 (Ubuntu 7.5.0-3ubuntu1~18.04)) #146-Ubuntu SMP Tue Apr 13 01:11:19 UTC 2021 (Ubuntu 4.15.0-142.146-generic 4.15.18)
[    0.000000] Command line: BOOT_IMAGE=/boot/vmlinuz-4.15.0-142-generic root=LABEL=cloudimg-rootfs ro console=tty1 console=ttyS0
[    0.000000] KERNEL supported cpus:
[    0.000000]   Intel GenuineIntel
[    0.000000]   AMD AuthenticAMD
[    0.000000]   Centaur CentaurHauls
[    0.000000] x86/fpu: Supporting XSAVE feature 0x001: 'x87 floating point registers'
[    0.000000] x86/fpu: Supporting XSAVE feature 0x002: 'SSE registers'
[    0.000000] x86/fpu: Supporting XSAVE feature 0x004: 'AVX registers'
[    0.000000] x86/fpu: xstate_offset[2]:  576, xstate_sizes[2]:  256
[    0.000000] x86/fpu: Enabled xstate features 0x7, context size is 832 bytes, using 'standard' format.
[    0.000000] e820: BIOS-provided physical RAM map:
[    0.000000] BIOS-e820: [mem 0x0000000000000000-0x000000000009fbff] usable
[    0.000000] BIOS-e820: [mem 0x000000000009fc00-0x000000000009ffff] reserved
[    0.000000] BIOS-e820: [mem 0x00000000000f0000-0x00000000000fffff] reserved
[    0.000000] BIOS-e820: [mem 0x0000000000100000-0x000000007ffeffff] usable
[    0.000000] BIOS-e820: [mem 0x000000007fff0000-0x000000007fffffff] ACPI data
[    0.000000] BIOS-e820: [mem 0x00000000fec00000-0x00000000fec00fff] reserved
[    0.000000] BIOS-e820: [mem 0x00000000fee00000-0x00000000fee00fff] reserved
[    0.000000] BIOS-e820: [mem 0x00000000fffc0000-0x00000000ffffffff] reserved
[    0.000000] NX (Execute Disable) protection: active
[    0.000000] SMBIOS 2.5 present.
[    0.000000] DMI: innotek GmbH VirtualBox/VirtualBox, BIOS VirtualBox 12/01/2006
[    0.000000] Hypervisor detected: KVM
[    0.000000] e820: last_pfn = 0x7fff0 max_arch_pfn = 0x400000000
[    0.000000] MTRR: Disabled
[    0.000000] x86/PAT: MTRRs disabled, skipping PAT initialization too.
[    0.000000] CPU MTRRs all blank - virtualized system.
[    0.000000] x86/PAT: Configuration [0-7]: WB  WT  UC- UC  WB  WT  UC- UC  
[    0.000000] found SMP MP-table at [mem 0x0009fff0-0x0009ffff]
[    0.000000] Scanning 1 areas for low memory corruption
[    0.000000] RAMDISK: [mem 0x359cf000-0x36cdefff]
[    0.000000] ACPI: Early table checksum verification disabled
[    0.000000] ACPI: RSDP 0x00000000000E0000 000024 (v02 VBOX  )
[    0.000000] ACPI: XSDT 0x000000007FFF0030 00003C (v01 VBOX   VBOXXSDT 00000001 ASL  00000061)
[    0.000000] ACPI: FACP 0x000000007FFF00F0 0000F4 (v04 VBOX   VBOXFACP 00000001 ASL  00000061)
[    0.000000] ACPI: DSDT 0x000000007FFF0470 002325 (v02 VBOX   VBOXBIOS 00000002 INTL 20100528)
[    0.000000] ACPI: FACS 0x000000007FFF0200 000040
[    0.000000] ACPI: FACS 0x000000007FFF0200 000040
[    0.000000] ACPI: APIC 0x000000007FFF0240 00005C (v02 VBOX   VBOXAPIC 00000001 ASL  00000061)
[    0.000000] ACPI: SSDT 0x000000007FFF02A0 0001CC (v01 VBOX   VBOXCPUT 00000002 INTL 20100528)
[    0.000000] No NUMA configuration found
[    0.000000] Faking a node at [mem 0x0000000000000000-0x000000007ffeffff]
[    0.000000] NODE_DATA(0) allocated [mem 0x7ffc5000-0x7ffeffff]
[    0.000000] kvm-clock: cpu 0, msr 0:7ff44001, primary cpu clock
[    0.000000] kvm-clock: Using msrs 4b564d01 and 4b564d00
[    0.000000] kvm-clock: using sched offset of 3943619125 cycles
[    0.000000] clocksource: kvm-clock: mask: 0xffffffffffffffff max_cycles: 0x1cd42e4dffb, max_idle_ns: 881590591483 ns
[    0.000000] Zone ranges:
[    0.000000]   DMA      [mem 0x0000000000001000-0x0000000000ffffff]
[    0.000000]   DMA32    [mem 0x0000000001000000-0x000000007ffeffff]
[    0.000000]   Normal   empty
[    0.000000]   Device   empty
[    0.000000] Movable zone start for each node
[    0.000000] Early memory node ranges
[    0.000000]   node   0: [mem 0x0000000000001000-0x000000000009efff]
[    0.000000]   node   0: [mem 0x0000000000100000-0x000000007ffeffff]
[    0.000000] Reserved but unavailable: 98 pages
[    0.000000] Initmem setup node 0 [mem 0x0000000000001000-0x000000007ffeffff]
[    0.000000] ACPI: PM-Timer IO Port: 0x4008
[    0.000000] IOAPIC[0]: apic_id 2, version 32, address 0xfec00000, GSI 0-23
[    0.000000] ACPI: INT_SRC_OVR (bus 0 bus_irq 0 global_irq 2 dfl dfl)
[    0.000000] ACPI: INT_SRC_OVR (bus 0 bus_irq 9 global_irq 9 low level)
[    0.000000] Using ACPI (MADT) for SMP configuration information
[    0.000000] smpboot: Allowing 2 CPUs, 0 hotplug CPUs
[    0.000000] PM: Registered nosave memory: [mem 0x00000000-0x00000fff]
[    0.000000] PM: Registered nosave memory: [mem 0x0009f000-0x0009ffff]
[    0.000000] PM: Registered nosave memory: [mem 0x000a0000-0x000effff]
[    0.000000] PM: Registered nosave memory: [mem 0x000f0000-0x000fffff]
[    0.000000] e820: [mem 0x80000000-0xfebfffff] available for PCI devices
[    0.000000] Booting paravirtualized kernel on KVM
[    0.000000] clocksource: refined-jiffies: mask: 0xffffffff max_cycles: 0xffffffff, max_idle_ns: 7645519600211568 ns
[    0.000000] random: get_random_bytes called from start_kernel+0x99/0x500 with crng_init=0
[    0.000000] setup_percpu: NR_CPUS:8192 nr_cpumask_bits:2 nr_cpu_ids:2 nr_node_ids:1
[    0.000000] percpu: Embedded 45 pages/cpu s147456 r8192 d28672 u1048576
[    0.000000] PV qspinlock hash table entries: 256 (order: 0, 4096 bytes)
[    0.000000] Built 1 zonelists, mobility grouping on.  Total pages: 515961
[    0.000000] Policy zone: DMA32
[    0.000000] Kernel command line: BOOT_IMAGE=/boot/vmlinuz-4.15.0-142-generic root=LABEL=cloudimg-rootfs ro console=tty1 console=ttyS0
[    0.000000] Memory: 2014912K/2096696K available (12300K kernel code, 2483K rwdata, 4316K rodata, 2444K init, 2724K bss, 81784K reserved, 0K cma-reserved)
[    0.000000] SLUB: HWalign=64, Order=0-3, MinObjects=0, CPUs=2, Nodes=1
[    0.000000] ftrace: allocating 39434 entries in 155 pages
[    0.004000] Hierarchical RCU implementation.
[    0.004000] 	RCU restricting CPUs from NR_CPUS=8192 to nr_cpu_ids=2.
[    0.004000] 	Tasks RCU enabled.
[    0.004000] RCU: Adjusting geometry for rcu_fanout_leaf=16, nr_cpu_ids=2
[    0.004000] NR_IRQS: 524544, nr_irqs: 440, preallocated irqs: 16
[    0.004000] Console: colour VGA+ 80x25
[    0.004000] console [tty1] enabled
[    0.004000] console [ttyS0] enabled
[    0.004000] ACPI: Core revision 20170831
[    0.004000] ACPI: 2 ACPI AML tables successfully acquired and loaded
[    0.004000] APIC: Switch to symmetric I/O mode setup
[    0.004000] x2apic enabled
[    0.004000] Switched APIC routing to physical x2apic.
[    0.004000] ..TIMER: vector=0x30 apic1=0 pin1=2 apic2=-1 pin2=-1
[    0.004000] tsc: Detected 2303.996 MHz processor
[    0.004008] Calibrating delay loop (skipped) preset value.. 4607.99 BogoMIPS (lpj=9215984)
[    0.005090] pid_max: default: 32768 minimum: 301
[    0.005738] Security Framework initialized
[    0.006306] Yama: becoming mindful.
[    0.006941] AppArmor: AppArmor initialized
[    0.008432] Dentry cache hash table entries: 262144 (order: 9, 2097152 bytes)
[    0.009838] Inode-cache hash table entries: 131072 (order: 8, 1048576 bytes)
[    0.010924] Mount-cache hash table entries: 4096 (order: 3, 32768 bytes)
[    0.012000] Mountpoint-cache hash table entries: 4096 (order: 3, 32768 bytes)
[    0.012252] Last level iTLB entries: 4KB 64, 2MB 8, 4MB 8
[    0.013096] Last level dTLB entries: 4KB 64, 2MB 0, 4MB 0, 1GB 4
[    0.014010] Spectre V1 : Mitigation: usercopy/swapgs barriers and __user pointer sanitization
[    0.016003] Spectre V2 : Mitigation: Full generic retpoline
[    0.016855] Spectre V2 : Spectre v2 / SpectreRSB mitigation: Filling RSB on context switch
[    0.018153] Speculative Store Bypass: Vulnerable
[    0.018875] SRBDS: Mitigation: TSX disabled
[    0.019607] Freeing SMP alternatives memory: 36K
[    0.130149] smpboot: CPU0: Intel(R) Core(TM) i7-10510U CPU @ 1.80GHz (family: 0x6, model: 0x8e, stepping: 0xc)
[    0.131619] Performance Events: unsupported p6 CPU model 142 no PMU driver, software events only.
[    0.132000] Hierarchical SRCU implementation.
[    0.132000] NMI watchdog: Perf event create on CPU 0 failed with -2
[    0.132002] NMI watchdog: Perf NMI watchdog permanently disabled
[    0.133536] smp: Bringing up secondary CPUs ...
[    0.134197] x86: Booting SMP configuration:
[    0.134753] .... node  #0, CPUs:      #1
[    0.004000] kvm-clock: cpu 1, msr 0:7ff44041, secondary cpu clock
[    0.143710] smp: Brought up 1 node, 2 CPUs
[    0.144003] smpboot: Max logical packages: 1
[    0.146247] smpboot: Total of 2 processors activated (9215.98 BogoMIPS)
[    0.147188] devtmpfs: initialized
[    0.148039] x86/mm: Memory block size: 128MB
[    0.148781] evm: security.selinux
[    0.149234] evm: security.SMACK64
[    0.149681] evm: security.SMACK64EXEC
[    0.150176] evm: security.SMACK64TRANSMUTE
[    0.150712] evm: security.SMACK64MMAP
[    0.151257] evm: security.apparmor
[    0.152002] evm: security.ima
[    0.154052] evm: security.capability
[    0.156066] clocksource: jiffies: mask: 0xffffffff max_cycles: 0xffffffff, max_idle_ns: 7645041785100000 ns
[    0.160010] futex hash table entries: 512 (order: 3, 32768 bytes)
[    0.161263] pinctrl core: initialized pinctrl subsystem
[    0.164109] RTC time:  2:36:40, date: 07/16/22
[    0.164969] NET: Registered protocol family 16
[    0.165705] audit: initializing netlink subsys (disabled)
[    0.166525] audit: type=2000 audit(1657939005.735:1): state=initialized audit_enabled=0 res=1
[    0.168011] cpuidle: using governor ladder
[    0.168641] cpuidle: using governor menu
[    0.169266] ACPI: bus type PCI registered
[    0.169899] acpiphp: ACPI Hot Plug PCI Controller Driver version: 0.5
[    0.170911] PCI: Using configuration type 1 for base access
[    0.172802] HugeTLB registered 2.00 MiB page size, pre-allocated 0 pages
[    0.176243] ACPI: Added _OSI(Module Device)
[    0.176718] ACPI: Added _OSI(Processor Device)
[    0.177432] ACPI: Added _OSI(3.0 _SCP Extensions)
[    0.178181] ACPI: Added _OSI(Processor Aggregator Device)
[    0.180003] ACPI: Added _OSI(Linux-Dell-Video)
[    0.180684] ACPI: Added _OSI(Linux-Lenovo-NV-HDMI-Audio)
[    0.181467] ACPI: Added _OSI(Linux-HPI-Hybrid-Graphics)
[    0.182496] ACPI: Executed 1 blocks of module-level executable AML code
[    0.185826] ACPI: Interpreter enabled
[    0.187957] ACPI: (supports S0 S5)
[    0.188004] ACPI: Using IOAPIC for interrupt routing
[    0.188968] PCI: Using host bridge windows from ACPI; if necessary, use "pci=nocrs" and report a bug
[    0.190422] ACPI: Enabled 2 GPEs in block 00 to 07
[    0.198513] ACPI: PCI Root Bridge [PCI0] (domain 0000 [bus 00-ff])
[    0.199474] acpi PNP0A03:00: _OSC: OS supports [ASPM ClockPM Segments MSI]
[    0.200454] acpi PNP0A03:00: _OSC: not requesting OS control; OS requires [ExtendedConfig ASPM ClockPM MSI]
[    0.201992] acpi PNP0A03:00: fail to add MMCONFIG information, can't access extended PCI configuration space under this bridge.
[    0.204158] PCI host bridge to bus 0000:00
[    0.204789] pci_bus 0000:00: root bus resource [io  0x0000-0x0cf7 window]
[    0.205780] pci_bus 0000:00: root bus resource [io  0x0d00-0xffff window]
[    0.206768] pci_bus 0000:00: root bus resource [mem 0x000a0000-0x000bffff window]
[    0.207927] pci_bus 0000:00: root bus resource [mem 0x80000000-0xfdffffff window]
[    0.208003] pci_bus 0000:00: root bus resource [bus 00-ff]
[    0.210480] pci 0000:00:01.1: legacy IDE quirk: reg 0x10: [io  0x01f0-0x01f7]
[    0.212003] pci 0000:00:01.1: legacy IDE quirk: reg 0x14: [io  0x03f6]
[    0.212968] pci 0000:00:01.1: legacy IDE quirk: reg 0x18: [io  0x0170-0x0177]
[    0.213985] pci 0000:00:01.1: legacy IDE quirk: reg 0x1c: [io  0x0376]
[    0.234541] pci 0000:00:07.0: quirk: [io  0x4000-0x403f] claimed by PIIX4 ACPI
[    0.236000] pci 0000:00:07.0: quirk: [io  0x4100-0x410f] claimed by PIIX4 SMB
[    0.249475] ACPI: PCI Interrupt Link [LNKA] (IRQs 5 9 10 *11)
[    0.250513] ACPI: PCI Interrupt Link [LNKB] (IRQs 5 9 *10 11)
[    0.252105] ACPI: PCI Interrupt Link [LNKC] (IRQs 5 *9 10 11)
[    0.253136] ACPI: PCI Interrupt Link [LNKD] (IRQs 5 9 10 *11)
[    0.254403] SCSI subsystem initialized
[    0.256043] pci 0000:00:02.0: vgaarb: setting as boot VGA device
[    0.256989] pci 0000:00:02.0: vgaarb: VGA device added: decodes=io+mem,owns=io+mem,locks=none
[    0.258380] pci 0000:00:02.0: vgaarb: bridge control possible
[    0.259256] vgaarb: loaded
[    0.260031] ACPI: bus type USB registered
[    0.260707] usbcore: registered new interface driver usbfs
[    0.261575] usbcore: registered new interface driver hub
[    0.262401] usbcore: registered new device driver usb
[    0.263229] EDAC MC: Ver: 3.0.0
[    0.264168] PCI: Using ACPI for IRQ routing
[    0.266437] NetLabel: Initializing
[    0.266941] NetLabel:  domain hash size = 128
[    0.268003] NetLabel:  protocols = UNLABELED CIPSOv4 CALIPSO
[    0.268845] NetLabel:  unlabeled traffic allowed by default
[    0.269680] clocksource: Switched to clocksource kvm-clock
[    0.283201] VFS: Disk quotas dquot_6.6.0
[    0.283788] VFS: Dquot-cache hash table entries: 512 (order 0, 4096 bytes)
[    0.284916] AppArmor: AppArmor Filesystem Enabled
[    0.285804] pnp: PnP ACPI init
[    0.287326] pnp: PnP ACPI: found 3 devices
[    0.297944] clocksource: acpi_pm: mask: 0xffffff max_cycles: 0xffffff, max_idle_ns: 2085701024 ns
[    0.299223] NET: Registered protocol family 2
[    0.300052] TCP established hash table entries: 16384 (order: 5, 131072 bytes)
[    0.301066] TCP bind hash table entries: 16384 (order: 6, 262144 bytes)
[    0.303997] TCP: Hash tables configured (established 16384 bind 16384)
[    0.306857] UDP hash table entries: 1024 (order: 3, 32768 bytes)
[    0.309411] UDP-Lite hash table entries: 1024 (order: 3, 32768 bytes)
[    0.312132] NET: Registered protocol family 1
[    0.314485] pci 0000:00:00.0: Limiting direct PCI/PCI transfers
[    0.315380] pci 0000:00:01.0: Activating ISA DMA hang workarounds
[    0.316263] pci 0000:00:02.0: Video device with shadowed ROM at [mem 0x000c0000-0x000dffff]
[    0.317417] Unpacking initramfs...
[    0.605095] Freeing initrd memory: 19520K
[    0.606352] clocksource: tsc: mask: 0xffffffffffffffff max_cycles: 0x2135f449559, max_idle_ns: 440795312421 ns
[    0.609070] platform rtc_cmos: registered platform RTC device (no PNP device found)
[    0.611008] Scanning for low memory corruption every 60 seconds
[    0.613618] Initialise system trusted keyrings
[    0.617820] Key type blacklist registered
[    0.620161] workingset: timestamp_bits=36 max_order=19 bucket_order=0
[    0.623560] zbud: loaded
[    0.624732] squashfs: version 4.0 (2009/01/31) Phillip Lougher
[    0.625995] fuse init (API version 7.26)
[    0.628517] Key type asymmetric registered
[    0.629054] Asymmetric key parser 'x509' registered
[    0.629709] Block layer SCSI generic (bsg) driver version 0.4 loaded (major 246)
[    0.630733] io scheduler noop registered
[    0.632905] io scheduler deadline registered
[    0.635089] io scheduler cfq registered (default)
[    0.636152] ACPI: AC Adapter [AC] (on-line)
[    0.636821] input: Power Button as /devices/LNXSYSTM:00/LNXPWRBN:00/input/input0
[    0.641130] ACPI: Power Button [PWRF]
[    0.641673] input: Sleep Button as /devices/LNXSYSTM:00/LNXSLPBN:00/input/input1
[    0.642671] ACPI: Sleep Button [SLPF]
[    0.643842] ACPI: Battery Slot [BAT0] (battery present)
[    0.644122] Serial: 8250/16550 driver, 32 ports, IRQ sharing enabled
[    0.665925] 00:02: ttyS0 at I/O 0x3f8 (irq = 4, base_baud = 115200) is a 16550A
[    0.671738] Linux agpgart interface v0.103
[    0.673414] loop: module loaded
[    0.674320] scsi host0: ata_piix
[    0.676696] scsi host1: ata_piix
[    0.678891] ata1: PATA max UDMA/33 cmd 0x1f0 ctl 0x3f6 bmdma 0xd000 irq 14
[    0.683107] ata2: PATA max UDMA/33 cmd 0x170 ctl 0x376 bmdma 0xd008 irq 15
[    0.687274] libphy: Fixed MDIO Bus: probed
[    0.690703] tun: Universal TUN/TAP device driver, 1.6
[    0.692524] PPP generic driver version 2.4.2
[    0.693402] ehci_hcd: USB 2.0 'Enhanced' Host Controller (EHCI) Driver
[    0.694401] ehci-pci: EHCI PCI platform driver
[    0.695093] ehci-platform: EHCI generic platform driver
[    0.695865] ohci_hcd: USB 1.1 'Open' Host Controller (OHCI) Driver
[    0.696825] ohci-pci: OHCI PCI platform driver
[    0.697509] ohci-platform: OHCI generic platform driver
[    0.698469] uhci_hcd: USB Universal Host Controller Interface driver
[    0.699422] i8042: PNP: PS/2 Controller [PNP0303:PS2K,PNP0f03:PS2M] at 0x60,0x64 irq 1,12
[    0.701270] serio: i8042 KBD port at 0x60,0x64 irq 1
[    0.703622] serio: i8042 AUX port at 0x60,0x64 irq 12
[    0.704512] mousedev: PS/2 mouse device common for all mice
[    0.705617] input: AT Translated Set 2 keyboard as /devices/platform/i8042/serio0/input/input2
[    0.707456] rtc_cmos rtc_cmos: rtc core: registered rtc_cmos as rtc0
[    0.708484] rtc_cmos rtc_cmos: alarms up to one day, 114 bytes nvram
[    0.709453] i2c /dev entries driver
[    0.710082] device-mapper: uevent: version 1.0.3
[    0.710869] device-mapper: ioctl: 4.37.0-ioctl (2017-09-20) initialised: dm-devel@redhat.com
[    0.712262] ledtrig-cpu: registered to indicate activity on CPUs
[    0.713468] NET: Registered protocol family 10
[    0.716798] Segment Routing with IPv6
[    0.717379] NET: Registered protocol family 17
[    0.718098] Key type dns_resolver registered
[    0.720491] mce: Using 0 MCE banks
[    0.721038] RAS: Correctable Errors collector initialized.
[    0.721849] sched_clock: Marking stable (720431266, 0)->(866529276, -146098010)
[    0.723161] registered taskstats version 1
[    0.723847] Loading compiled-in X.509 certificates
[    0.726310] Loaded X.509 cert 'Build time autogenerated kernel key: 028139f94c642d40642d50ab098c4e7b0aebaa81'
[    0.731310] Loaded X.509 cert 'Canonical Ltd. Live Patch Signing: 14df34d1a87cf37625abec039ef2bf521249b969'
[    0.736441] Loaded X.509 cert 'Canonical Ltd. Kernel Module Signing: 88f752e560a1e0737e31163a466ad7b70a850c19'
[    0.737701] zswap: loaded using pool lzo/zbud
[    0.740411] Key type big_key registered
[    0.742526] Key type trusted registered
[    0.745723] Key type encrypted registered
[    0.747864] AppArmor: AppArmor sha1 policy hashing enabled
[    0.751873] ima: No TPM chip found, activating TPM-bypass! (rc=-19)
[    0.754387] ima: Allocated hash algorithm: sha1
[    0.755005] evm: HMAC attrs: 0x1
[    0.757387]   Magic number: 14:996:611
[    0.759745] rtc_cmos rtc_cmos: setting system clock to 2022-07-16 02:36:41 UTC (1657939001)
[    0.765847] BIOS EDD facility v0.16 2004-Jun-25, 0 devices found
[    0.768433] EDD information not available.
[    0.873125] Freeing unused kernel image memory: 2444K
[    0.884114] Write protecting the kernel read-only data: 20480k
[    0.889630] Freeing unused kernel image memory: 2008K
[    0.894057] Freeing unused kernel image memory: 1828K
[    0.912122] x86/mm: Checked W+X mappings: passed, no W+X pages found.
Loading, please wait...
starting version 237
[    0.970735] e1000: Intel(R) PRO/1000 Network Driver - version 7.3.21-k8-NAPI
[    0.972573] e1000: Copyright (c) 1999-2006 Intel Corporation.
[    0.978773] Fusion MPT base driver 3.04.20
[    0.979512] Copyright (c) 1999-2008 LSI Corporation
[    0.996910] Fusion MPT SPI Host driver 3.04.20
[    0.998744] AVX2 version of gcm_enc/dec engaged.
[    0.999861] AES CTR mode by8 optimization enabled
[    1.193293] input: ImExPS/2 Generic Explorer Mouse as /devices/platform/i8042/serio1/input/input4
[    1.352738] e1000 0000:00:03.0 eth0: (PCI:33MHz:32-bit) 02:f3:7b:02:da:50
[    1.354190] e1000 0000:00:03.0 eth0: Intel(R) PRO/1000 Network Connection
[    1.736768] e1000 0000:00:08.0 eth1: (PCI:33MHz:32-bit) 08:00:27:9e:97:4a
[    1.737827] e1000 0000:00:08.0 eth1: Intel(R) PRO/1000 Network Connection
[    1.740096] e1000 0000:00:03.0 enp0s3: renamed from eth0
[    1.748420] mptbase: ioc0: Initiating bringup
[    1.768668] e1000 0000:00:08.0 enp0s8: renamed from eth1
[    2.380854] ioc0: LSI53C1030 A0: Capabilities={Initiator}
[    4.633143] scsi host2: ioc0: LSI53C1030 A0, FwRev=00000000h, Ports=1, MaxQ=256, IRQ=20
[    7.618560] scsi 2:0:0:0: Direct-Access     VBOX     HARDDISK         1.0  PQ: 0 ANSI: 5
[    7.656258] scsi target2:0:0: Beginning Domain Validation
[    7.666991] scsi target2:0:0: Domain Validation skipping write tests
[    7.671334] scsi target2:0:0: Ending Domain Validation
[    7.672541] scsi target2:0:0: asynchronous
[    7.673861] scsi 2:0:1:0: Direct-Access     VBOX     HARDDISK         1.0  PQ: 0 ANSI: 5
[    8.724652] scsi target2:0:1: Beginning Domain Validation
[    8.734388] random: fast init done
[    8.738068] scsi target2:0:1: Domain Validation skipping write tests
[    8.740921] scsi target2:0:1: Ending Domain Validation
[    8.741934] scsi target2:0:1: asynchronous
[    8.747112] random: systemd-udevd: uninitialized urandom read (16 bytes read)
[    8.748332] random: systemd-udevd: uninitialized urandom read (16 bytes read)
[    8.749594] random: systemd-udevd: uninitialized urandom read (16 bytes read)
[    8.751268] sd 2:0:0:0: [sda] 83886080 512-byte logical blocks: (42.9 GB/40.0 GiB)
[    8.752774] sd 2:0:0:0: [sda] Write Protect is off
[    8.753876] sd 2:0:0:0: [sda] Incomplete mode parameter data
[    8.754952] sd 2:0:0:0: [sda] Assuming drive cache: write through
[    8.756307] sd 2:0:0:0: Attached scsi generic sg0 type 0
[    8.757662] sd 2:0:1:0: [sdb] 20480 512-byte logical blocks: (10.5 MB/10.0 MiB)
[    8.759609] sd 2:0:1:0: [sdb] Write Protect is off
[    8.760546] sd 2:0:1:0: [sdb] Incomplete mode parameter data
[    8.761511] sd 2:0:1:0: [sdb] Assuming drive cache: write through
[    8.763017] sd 2:0:1:0: Attached scsi generic sg1 type 0
[    8.766728]  sda: sda1
[    8.767979] sd 2:0:0:0: [sda] Attached SCSI disk
[    8.768940] sd 2:0:1:0: [sdb] Attached SCSI disk
Begin: Loading essential drivers ... [   10.344101] raid6: sse2x1   gen()  9074 MB/s
[   10.392058] raid6: sse2x1   xor()  5504 MB/s
[   10.440075] raid6: sse2x2   gen() 11610 MB/s
[   10.488050] raid6: sse2x2   xor()  7915 MB/s
[   10.536109] raid6: sse2x4   gen() 13133 MB/s
[   10.584078] raid6: sse2x4   xor()  7996 MB/s
[   10.632081] raid6: avx2x1   gen() 20959 MB/s
[   10.680092] raid6: avx2x1   xor() 12539 MB/s
[   10.728105] raid6: avx2x2   gen() 27683 MB/s
[   10.776095] raid6: avx2x2   xor() 16602 MB/s
[   10.824057] raid6: avx2x4   gen() 27735 MB/s
[   10.872099] raid6: avx2x4   xor() 13624 MB/s
[   10.873068] raid6: using algorithm avx2x4 gen() 27735 MB/s
[   10.874355] raid6: .... xor() 13624 MB/s, rmw enabled
[   10.875335] raid6: using avx2x2 recovery algorithm
[   10.877489] xor: automatically using best checksumming function   avx       
[   10.879580] async_tx: api initialized (async)
done.
Begin: Running /scripts/init-premount ... done.
Begin: Mounting root file system ... Begin: Running /scripts/local-top ... done.
Begin: Running /scripts/local-premount ... [   10.923328] Btrfs loaded, crc32c=crc32c-intel
Scanning for Btrfs filesystems
done.
Warning: fsck not present, so skipping root file system
[   10.951951] EXT4-fs (sda1): INFO: recovery required on readonly filesystem
[   10.954754] EXT4-fs (sda1): write access will be enabled during recovery
[   11.035477] EXT4-fs (sda1): orphan cleanup on readonly fs
[   11.036865] EXT4-fs (sda1): 1 orphan inode deleted
[   11.037607] EXT4-fs (sda1): recovery complete
[   11.045606] EXT4-fs (sda1): mounted filesystem with ordered data mode. Opts: (null)
done.
Begin: Running /scripts/local-bottom ... done.
Begin: Running /scripts/init-bottom ... done.
[   11.197378] ip_tables: (C) 2000-2006 Netfilter Core Team
[   11.210156] systemd[1]: systemd 237 running in system mode. (+PAM +AUDIT +SELINUX +IMA +APPARMOR +SMACK +SYSVINIT +UTMP +LIBCRYPTSETUP +GCRYPT +GNUTLS +ACL +XZ +LZ4 +SECCOMP +BLKID +ELFUTILS +KMOD -IDN2 +IDN -PCRE2 default-hierarchy=hybrid)
[   11.213467] systemd[1]: Detected virtualization oracle.
[   11.214269] systemd[1]: Detected architecture x86-64.

Welcome to [1mUbuntu 18.04.5 LTS[0m!

[   11.219351] systemd[1]: Set hostname to <jenkins>.
[   11.447694] systemd[1]: Created slice User and Session Slice.
[[0;32m  OK  [0m] Created slice User and Session Slice.
[   11.449329] systemd[1]: Started Forward Password Requests to Wall Directory Watch.
[[0;32m  OK  [0m] Started Forward Password Requests to Wall Directory Watch.
[   11.451274] systemd[1]: Reached target User and Group Name Lookups.
[[0;32m  OK  [0m] Reached target User and Group Name Lookups.
[   11.452908] systemd[1]: Reached target System Time Synchronized.
[[0;32m  OK  [0m] Reached target System Time Synchronized.
[   11.455270] systemd[1]: Created slice System Slice.
[[0;32m  OK  [0m] Created slice System Slice.
[   11.456901] systemd[1]: Reached target Slices.
[[0;32m  OK  [0m] Reached target Slices.
[[0;32m  OK  [0m] Listening on fsck to fsckd communication Socket.
[[0;32m  OK  [0m] Listening on Device-mapper event daemon FIFOs.
[[0;32m  OK  [0m] Listening on LVM2 poll daemon socket.
[[0;32m  OK  [0m] Created slice system-serial\x2dgetty.slice.
[[0;32m  OK  [0m] Listening on udev Control Socket.
[[0;32m  OK  [0m] Listening on /dev/initctl Compatibility Named Pipe.
[[0;32m  OK  [0m] Listening on Journal Socket (/dev/log).
[[0;32m  OK  [0m] Listening on Journal Socket.
         Mounting Kernel Debug File System...
         Starting Set the console keyboard layout...
         Starting Load Kernel Modules...
         Starting File System Check on Root Device...
         Starting Uncomplicated firewall...
         Mounting POSIX Message Queue File System...
[[0;32m  OK  [0m] Listening on udev Kernel Socket.
         Starting udev Coldplug all Devices...
         Mounting Huge Pages File System...
         Starting Create list of required st…ce nodes for the current kernel...
[   11.576270] Loading iSCSI transport class v2.0-870.
[[0;32m  OK  [0m] Listening on LVM2 metadata daemon socket.
[[0;32m  OK  [0m] Listening on Network Service Netlink Socket.
[   11.586935] iscsi: registered transport (tcp)
         Starting Monitoring of LVM2 mirrors…ng dmeventd or progress polling...
[[0;32m  OK  [0m] Reached target Swap.
[   11.601293] iscsi: registered transport (iser)
[[0;32m  OK  [0m] Listening on Journal Audit Socket.
[[0;32m  OK  [0m] Listening on Syslog Socket.
         Starting Journal Service...
[[0;32m  OK  [0m] Set up automount Arbitrary Executab…rmats File System Automount Point.
[[0;32m  OK  [0m] Mounted Kernel Debug File System.
[[0;32m  OK  [0m] Started Load Kernel Modules.
[[0;32m  OK  [0m] Started File System Check on Root Device.
[[0;32m  OK  [0m] Mounted POSIX Message Queue File System.
[[0;32m  OK  [0m] Mounted Huge Pages File System.
[[0;32m  OK  [0m] Started Create list of required sta…vice nodes for the current kernel.
[[0;32m  OK  [0m] Started LVM2 metadata daemon.
[[0;32m  OK  [0m] Started File System Check Daemon to report status.
         Starting Create Static Device Nodes in /dev...
         Starting Remount Root and Kernel File Systems...
         Mounting Kernel Configuration File System...
         Mounting FUSE Control File System...
         Starting Apply Kernel Variables...
[[0;32m  OK  [0m] Started Uncomplicated firewall.
[[0;32m  OK  [0m] Mounted Kernel Configuration File System.
[[0;32m  OK  [0m] Mounted FUSE Control File System.
[[0;32m  OK  [0m] Started udev Coldplug all Devices.
[[0;32m  OK  [0m] Started Journal Service.
[[0;32m  OK  [0m] Started Create Static Device Nodes in /dev.
[[0;32m  OK  [0m] Started Apply Kernel Variables.
[[0;32m  OK  [0m] Started Remount Root and Kernel File Systems.
         Starting udev Kernel Device Manager...
         Starting Flush Journal to Persistent Storage...
         Starting Load/Save Random Seed...
[[0;32m  OK  [0m] Started Monitoring of LVM2 mirrors,…sing dmeventd or progress polling.
[[0;32m  OK  [0m] Started udev Kernel Device Manager.
[[0;32m  OK  [0m] Started Set the console keyboard layout.
[[0;32m  OK  [0m] Started Dispatch Password Requests to Console Directory Watch.
[[0;32m  OK  [0m] Reached target Local Encrypted Volumes.
[[0;32m  OK  [0m] Reached target Local File Systems (Pre).
[[0;32m  OK  [0m] Reached target Local File Systems.
         Starting Set console font and keymap...
         Starting Tell Plymouth To Write Out Runtime Data...
         Starting ebtables ruleset management...
         Starting AppArmor initialization...
[[0;32m  OK  [0m] Started Load/Save Random Seed.
[[0;32m  OK  [0m] Started Set console font and keymap.
[[0;32m  OK  [0m] Started Tell Plymouth To Write Out Runtime Data.
[[0;32m  OK  [0m] Started ebtables ruleset management.
[[0;32m  OK  [0m] Started Flush Journal to Persistent Storage.
         Starting Create Volatile Files and Directories...
[[0;32m  OK  [0m] Started Create Volatile Files and Directories.
         Starting Update UTMP about System Boot/Shutdown...
[[0;32m  OK  [0m] Started Update UTMP about System Boot/Shutdown.
[[0;32m  OK  [0m] Started AppArmor initialization.
         Starting Initial cloud-init job (pre-networking)...
         Starting Load AppArmor profiles managed internally by snapd...
[[0;32m  OK  [0m] Found device /dev/ttyS0.
[[0;32m  OK  [0m] Started Load AppArmor profiles managed internally by snapd.
[[0;32m  OK  [0m] Listening on Load/Save RF Kill Switch Status /dev/rfkill Watch.
[   13.725447] cloud-init[538]: Cloud-init v. 21.1-19-gbad84ad4-0ubuntu1~18.04.1 running 'init-local' at Sat, 16 Jul 2022 02:36:54 +0000. Up 13.44 seconds.
[[0;32m  OK  [0m] Started Initial cloud-init job (pre-networking).
[[0;32m  OK  [0m] Reached target Network (Pre).
         Starting Network Service...
[[0;32m  OK  [0m] Started Network Service.
         Starting Wait for Network to be Configured...
         Starting Network Name Resolution...
[[0;32m  OK  [0m] Started Network Name Resolution.
[[0;32m  OK  [0m] Reached target Host and Network Name Lookups.
[[0;32m  OK  [0m] Reached target Network.
[[0;32m  OK  [0m] Started Wait for Network to be Configured.
         Starting Initial cloud-init job (metadata service crawler)...
[   16.447924] cloud-init[668]: Cloud-init v. 21.1-19-gbad84ad4-0ubuntu1~18.04.1 running 'init' at Sat, 16 Jul 2022 02:36:57 +0000. Up 16.29 seconds.
[   16.449336] cloud-init[668]: ci-info: ++++++++++++++++++++++++++++++++++++++++++++Net device info+++++++++++++++++++++++++++++++++++++++++++++
[   16.450611] cloud-init[668]: ci-info: +--------+------+-----------------------------------------+---------------+--------+-------------------+
[   16.452160] cloud-init[668]: ci-info: | Device |  Up  |                 Address                 |      Mask     | Scope  |     Hw-Address    |
[   16.453635] cloud-init[668]: ci-info: +--------+------+-----------------------------------------+---------------+--------+-------------------+
[   16.454795] cloud-init[668]: ci-info: | enp0s3 | True |               192.168.1.97              | 255.255.255.0 | global | 02:f3:7b:02:da:50 |
[   16.456190] cloud-init[668]: ci-info: | enp0s3 | True | 2001:861:3887:12e0:f3:7bff:fe02:da50/64 |       .       | global | 02:f3:7b:02:da:50 |
[   16.457601] cloud-init[668]: ci-info: | enp0s3 | True |        fe80::f3:7bff:fe02:da50/64       |       .       |  link  | 02:f3:7b:02:da:50 |
[   16.458913] cloud-init[668]: ci-info: | enp0s8 | True |                10.10.20.6               | 255.255.255.0 | global | 08:00:27:9e:97:4a |
[   16.460372] cloud-init[668]: ci-info: | enp0s8 | True |       fe80::a00:27ff:fe9e:974a/64       |       .       |  link  | 08:00:27:9e:97:4a |
[   16.472215] cloud-init[668]: ci-info: |   lo   | True |                127.0.0.1                |   255.0.0.0   |  host  |         .         |
[   16.473499] cloud-init[668]: ci-info: |   lo   | True |                 ::1/128                 |       .       |  host  |         .         |
[   16.488424] cloud-init[668]: ci-info: +--------+------+-----------------------------------------+---------------+--------+-------------------+
[   16.492983] cloud-init[668]: ci-info: ++++++++++++++++++++++++++++++++Route IPv4 info++++++++++++++++++++++++++++++++
[   16.498554] cloud-init[668]: ci-info: +-------+---------------+---------------+-----------------+-----------+-------+
[   16.508489] cloud-init[668]: ci-info: | Route |  Destination  |    Gateway    |     Genmask     | Interface | Flags |
[   16.510110] cloud-init[668]: ci-info: +-------+---------------+---------------+-----------------+-----------+-------+
[   16.511327] cloud-init[668]: ci-info: |   0   |    0.0.0.0    | 192.168.1.254 |     0.0.0.0     |   enp0s3  |   UG  |
[   16.512526] cloud-init[668]: ci-info: |   1   |   10.10.20.0  |    0.0.0.0    |  255.255.255.0  |   enp0s8  |   U   |
[   16.524220] cloud-init[668]: ci-info: |   2   |  192.168.1.0  |    0.0.0.0    |  255.255.255.0  |   enp0s3  |   U   |
[   16.525337] cloud-init[668]: ci-info: |   3   | 192.168.1.254 |    0.0.0.0    | 255.255.255.255 |   enp0s3  |   UH  |
[   16.526622] cloud-init[668]: ci-info: +-------+---------------+---------------+-----------------+-----------+-------+
[   16.536288] cloud-init[668]: ci-info: ++++++++++++++++++++++++++++++++++Route IPv6 info++++++++++++++++++++++++++++++++++
[   16.538938] cloud-init[668]: ci-info: +-------+-------------------------+---------------------------+-----------+-------+
[   16.543553] cloud-init[668]: ci-info: | Route |       Destination       |          Gateway          | Interface | Flags |
[   16.544984] cloud-init[668]: ci-info: +-------+-------------------------+---------------------------+-----------+-------+
[   16.546207] cloud-init[668]: ci-info: |   1   | 2001:861:3887:12e0::/64 |             ::            |   enp0s3  |   U   |
[   16.547546] cloud-init[668]: ci-info: |   2   |        fe80::/64        |             ::            |   enp0s8  |   U   |
[   16.550296] cloud-init[668]: ci-info: |   3   |        fe80::/64        |             ::            |   enp0s3  |   U   |
[   16.553001] cloud-init[668]: ci-info: |   4   |           ::/0          | fe80::7e26:64ff:fefc:5b9c |   enp0s3  |   UG  |
[   16.557462] cloud-init[668]: ci-info: |   6   |          local          |             ::            |   enp0s3  |   U   |
[   16.559729] cloud-init[668]: ci-info: |   7   |          local          |             ::            |   enp0s8  |   U   |
[   16.563366] cloud-init[668]: ci-info: |   8   |         ff00::/8        |             ::            |   enp0s8  |   U   |
[   16.565219] cloud-init[668]: ci-info: |   9   |         ff00::/8        |             ::            |   enp0s3  |   U   |
[   16.576278] cloud-init[668]: ci-info: +-------+-------------------------+---------------------------+-----------+-------+
[[0;32m  OK  [0m] Started Initial cloud-init job (metadata service crawler).
[[0;32m  OK  [0m] Reached target Cloud-config availability.
[[0;32m  OK  [0m] Reached target System Initialization.
[[0;32m  OK  [0m] Started Discard unused blocks once a week.
[[0;32m  OK  [0m] Listening on UUID daemon activation socket.
[[0;32m  OK  [0m] Started Message of the Day.
[[0;32m  OK  [0m] Started Daily apt download activities.
[[0;32m  OK  [0m] Started Daily Cleanup of Temporary Directories.
[[0;32m  OK  [0m] Listening on Open-iSCSI iscsid Socket.
         Starting Socket activation for snappy daemon.
[[0;32m  OK  [0m] Started ACPI Events Check.
[[0;32m  OK  [0m] Reached target Paths.
[[0;32m  OK  [0m] Listening on ACPID Listen Socket.
[[0;32m  OK  [0m] Started Daily apt upgrade and clean activities.
[[0;32m  OK  [0m] Reached target Timers.
         Starting LXD - unix socket.
[[0;32m  OK  [0m] Listening on D-Bus System Message Bus Socket.
[[0;32m  OK  [0m] Reached target Network is Online.
         Starting Availability of block devices...
[[0;32m  OK  [0m] Reached target Remote File Systems (Pre).
         Mounting /vagrant...
[[0;32m  OK  [0m] Listening on Socket activation for snappy daemon.
[[0;32m  OK  [0m] Listening on LXD - unix socket.
[[0;32m  OK  [0m] Started Availability of block devices.
[[0;32m  OK  [0m] Reached target Sockets.
[[0;32m  OK  [0m] Reached target Basic System.
         Starting Virtualbox guest utils...
         Starting LXD - container startup/shutdown...
[[0;32m  OK  [0m] Started D-Bus System Message Bus.
         Starting Jenkins Continuous Integration Server...
         Starting Accounts Service...
         Starting System Logging Service...
         Starting LSB: Record successful boot for GRUB...
[[0;32m  OK  [0m] Started Deferred execution scheduler.
         Starting Dispatcher daemon for systemd-networkd...
[[0;32m  OK  [0m] Started FUSE filesystem for LXC.
         Starting OpenBSD Secure Shell server...
[[0;32m  OK  [0m] Started irqbalance daemon.
[[0;32m  OK  [0m] Started Regular background program processing daemon.
         Starting Login Service...
         Starting Snap Daemon...
[[0;32m  OK  [0m] Started System Logging Service.
[[0;32m  OK  [0m] Mounted /vagrant.
[[0;32m  OK  [0m] Started LXD - container startup/shutdown.
[[0;32m  OK  [0m] Started OpenBSD Secure Shell server.
[[0;32m  OK  [0m] Started Login Service.
[[0;32m  OK  [0m] Started Unattended Upgrades Shutdown.
         Starting Authorization Manager...
         Starting Hostname Service...
[[0;32m  OK  [0m] Reached target Remote File Systems.
         Starting LSB: automatic crash report generation...
         Starting Permit User Sessions...
[[0;32m  OK  [0m] Started Dispatcher daemon for systemd-networkd.
[[0;32m  OK  [0m] Started Authorization Manager.
[[0;32m  OK  [0m] Started Accounts Service.
[[0;32m  OK  [0m] Started Permit User Sessions.
         Starting Terminate Plymouth Boot Screen...
         Starting Hold until boot process finishes up...
[[0;32m  OK  [0m] Started Terminate Plymouth Boot Screen.
[[0;32m  OK  [0m] Started Hold until boot process finishes up.
         Starting Set console scheme...
[[0;32m  OK  [0m] Started Serial Getty on ttyS0.
[[0;32m  OK  [0m] Started Set console scheme.
[[0;32m  OK  [0m] Created slice system-getty.slice.
[[0;32m  OK  [0m] Started Getty on tty1.
[[0;32m  OK  [0m] Reached target Login Prompts.
[[0;32m  OK  [0m] Started Hostname Service.
[[0;32m  OK  [0m] Started LSB: Record successful boot for GRUB.
[[0;32m  OK  [0m] Started Virtualbox guest utils.
[[0;32m  OK  [0m] Started LSB: automatic crash report generation.
[[0;32m  OK  [0m] Started Snap Daemon.
         Starting Wait until snapd is fully seeded...
[[0;32m  OK  [0m] Started Wait until snapd is fully seeded.
         Starting Apply the settings specified in cloud-config...
[   18.808346] cloud-init[1130]: Cloud-init v. 21.1-19-gbad84ad4-0ubuntu1~18.04.1 running 'modules:config' at Sat, 16 Jul 2022 02:36:59 +0000. Up 18.65 seconds.
[[0;32m  OK  [0m] Started Apply the settings specified in cloud-config.

Ubuntu 18.04.5 LTS jenkins ttyS0

jenkins login: [   32.251477] cloud-init[1258]: Cloud-init v. 21.1-19-gbad84ad4-0ubuntu1~18.04.1 running 'modules:final' at Sat, 16 Jul 2022 02:37:12 +0000. Up 32.11 seconds.
[   32.251614] cloud-init[1258]: Cloud-init v. 21.1-19-gbad84ad4-0ubuntu1~18.04.1 finished at Sat, 16 Jul 2022 02:37:12 +0000. Datasource DataSourceNoCloud [seed=/dev/sdb][dsmode=net].  Up 32.24 seconds
